This is XeTeX, Version 3.141592653-2.6-0.999994 (TeX Live 2022) (preloaded format=xelatex 2022.10.7)  1 NOV 2022 19:33
entering extended mode
 \write18 enabled.
 %&-line parsing enabled.
**tocloft_ZH_CN.dtx
(./tocloft_ZH_CN.dtx
LaTeX2e <2022-06-01> patch level 5
L3 programming layer <2022-09-28>
(c:/texlive/2022/texmf-dist/tex/latex/base/ltxdoc.cls
Document Class: ltxdoc 2022/06/22 v2.1h Standard LaTeX documentation class
*************************************
* Local config file ltxdoc.cfg used
*************************************
(c:/texlive/2022/texmf-dist/tex/latex/base/ltxdoc.cfg
File: ltxdoc.cfg 2022/06/14 v2.0d ltxdoc.cls configuration (LaTeX Project)
)
(c:/texlive/2022/texmf-dist/tex/latex/base/article.cls
Document Class: article 2021/10/04 v1.4n Standard LaTeX document class
(c:/texlive/2022/texmf-dist/tex/latex/base/size10.clo
File: size10.clo 2021/10/04 v1.4n Standard LaTeX file (size option)
)
\c@part=\count181
\c@section=\count182
\c@subsection=\count183
\c@subsubsection=\count184
\c@paragraph=\count185
\c@subparagraph=\count186
\c@figure=\count187
\c@table=\count188
\abovecaptionskip=\skip47
\belowcaptionskip=\skip48
\bibindent=\dimen138
) (./doc.sty
Package: doc 2022/06/08 v3.0j Standard LaTeX documentation package V3 (FMi)
\c@StandardModuleDepth=\count189
\guard@level=\count190
\MacrocodeTopsep=\skip49
\MacroIndent=\dimen139
\macro@cnt=\count191
\MacroTopsep=\skip50
\IndexMin=\dimen140
\c@IndexColumns=\count192

(c:/texlive/2022/texmf-dist/tex/latex/tools/multicol.sty
Package: multicol 2021/11/30 v1.9d multicolumn formatting (FMi)
\c@tracingmulticols=\count193
\mult@box=\box51
\multicol@leftmargin=\dimen141
\c@unbalance=\count194
\c@collectmore=\count195
\doublecol@number=\count196
\multicoltolerance=\count197
\multicolpretolerance=\count198
\full@width=\dimen142
\page@free=\dimen143
\premulticols=\dimen144
\postmulticols=\dimen145
\multicolsep=\skip51
\multicolbaselineskip=\skip52
\partial@page=\box52
\last@line=\box53
\maxbalancingoverflow=\dimen146
\mult@rightbox=\box54
\mult@grightbox=\box55
\mult@firstbox=\box56
\mult@gfirstbox=\box57
\@tempa=\box58
\@tempa=\box59
\@tempa=\box60
\@tempa=\box61
\@tempa=\box62
\@tempa=\box63
\@tempa=\box64
\@tempa=\box65
\@tempa=\box66
\@tempa=\box67
\@tempa=\box68
\@tempa=\box69
\@tempa=\box70
\@tempa=\box71
\@tempa=\box72
\@tempa=\box73
\@tempa=\box74
\@tempa=\box75
\@tempa=\box76
\@tempa=\box77
\@tempa=\box78
\@tempa=\box79
\@tempa=\box80
\@tempa=\box81
\@tempa=\box82
\@tempa=\box83
\@tempa=\box84
\@tempa=\box85
\@tempa=\box86
\@tempa=\box87
\@tempa=\box88
\@tempa=\box89
\@tempa=\box90
\@tempa=\box91
\@tempa=\box92
\@tempa=\box93
\c@minrows=\count199
\c@columnbadness=\count266
\c@finalcolumnbadness=\count267
\last@try=\dimen147
\multicolovershoot=\dimen148
\multicolundershoot=\dimen149
\mult@nat@firstbox=\box94
\colbreak@box=\box95
\mc@col@check@num=\count268
)
\GlossaryMin=\dimen150
\c@GlossaryColumns=\count269
\check@sum=\count270
\bslash@cnt=\count271
\wrong@table=\toks16
\c@CodelineNo=\count272
\@temptokenb=\toks17
)
LaTeX Info: Redefining \cs on input line 266.
)
(c:/texlive/2022/texmf-dist/tex/latex/hypdoc/hypdoc.sty
Package: hypdoc 2022-07-03 v1.17 Hyper extensions for doc.sty (HO)

(c:/texlive/2022/texmf-dist/tex/latex/base/atveryend-ltx.sty
Package: atveryend-ltx 2020/08/19 v1.0a Emulation of the original atveryend pac
kage
with kernel methods
)
(c:/texlive/2022/texmf-dist/tex/latex/hyperref/hyperref.sty
Package: hyperref 2022-09-22 v7.00t Hypertext links for LaTeX

(c:/texlive/2022/texmf-dist/tex/generic/ltxcmds/ltxcmds.sty
Package: ltxcmds 2020-05-10 v1.25 LaTeX kernel commands for general use (HO)
)
(c:/texlive/2022/texmf-dist/tex/generic/iftex/iftex.sty
Package: iftex 2022/02/03 v1.0f TeX engine tests
)
(c:/texlive/2022/texmf-dist/tex/generic/pdftexcmds/pdftexcmds.sty
Package: pdftexcmds 2020-06-27 v0.33 Utility functions of pdfTeX for LuaTeX (HO
)

(c:/texlive/2022/texmf-dist/tex/generic/infwarerr/infwarerr.sty
Package: infwarerr 2019/12/03 v1.5 Providing info/warning/error messages (HO)
)
Package pdftexcmds Info: \pdf@primitive is available.
Package pdftexcmds Info: \pdf@ifprimitive is available.
Package pdftexcmds Info: \pdfdraftmode not found.
)
(c:/texlive/2022/texmf-dist/tex/latex/graphics/keyval.sty
Package: keyval 2022/05/29 v1.15 key=value parser (DPC)
\KV@toks@=\toks18
)
(c:/texlive/2022/texmf-dist/tex/latex/kvsetkeys/kvsetkeys.sty
Package: kvsetkeys 2022-10-05 v1.19 Key value parser (HO)
)
(c:/texlive/2022/texmf-dist/tex/generic/kvdefinekeys/kvdefinekeys.sty
Package: kvdefinekeys 2019-12-19 v1.6 Define keys (HO)
)
(c:/texlive/2022/texmf-dist/tex/generic/pdfescape/pdfescape.sty
Package: pdfescape 2019/12/09 v1.15 Implements pdfTeX's escape features (HO)
)
(c:/texlive/2022/texmf-dist/tex/latex/hycolor/hycolor.sty
Package: hycolor 2020-01-27 v1.10 Color options for hyperref/bookmark (HO)
)
(c:/texlive/2022/texmf-dist/tex/latex/letltxmacro/letltxmacro.sty
Package: letltxmacro 2019/12/03 v1.6 Let assignment for LaTeX macros (HO)
)
(c:/texlive/2022/texmf-dist/tex/latex/auxhook/auxhook.sty
Package: auxhook 2019-12-17 v1.6 Hooks for auxiliary files (HO)
)
(c:/texlive/2022/texmf-dist/tex/latex/hyperref/nameref.sty
Package: nameref 2022-05-17 v2.50 Cross-referencing by name of section

(c:/texlive/2022/texmf-dist/tex/latex/refcount/refcount.sty
Package: refcount 2019/12/15 v3.6 Data extraction from label references (HO)
)
(c:/texlive/2022/texmf-dist/tex/generic/gettitlestring/gettitlestring.sty
Package: gettitlestring 2019/12/15 v1.6 Cleanup title references (HO)

(c:/texlive/2022/texmf-dist/tex/latex/kvoptions/kvoptions.sty
Package: kvoptions 2022-06-15 v3.15 Key value format for package options (HO)
))
\c@section@level=\count273
)
\@linkdim=\dimen151
\Hy@linkcounter=\count274
\Hy@pagecounter=\count275

(c:/texlive/2022/texmf-dist/tex/latex/hyperref/pd1enc.def
File: pd1enc.def 2022-09-22 v7.00t Hyperref: PDFDocEncoding definition (HO)
)
(c:/texlive/2022/texmf-dist/tex/generic/intcalc/intcalc.sty
Package: intcalc 2019/12/15 v1.3 Expandable calculations with integers (HO)
)
(c:/texlive/2022/texmf-dist/tex/generic/etexcmds/etexcmds.sty
Package: etexcmds 2019/12/15 v1.7 Avoid name clashes with e-TeX commands (HO)
)
\Hy@SavedSpaceFactor=\count276

(c:/texlive/2022/texmf-dist/tex/latex/hyperref/puenc.def
File: puenc.def 2022-09-22 v7.00t Hyperref: PDF Unicode definition (HO)
)
Package hyperref Info: Option `hyperindex' set `false' on input line 4045.
Package hyperref Info: Option `pdfusetitle' set `true' on input line 4045.
Package hyperref Info: Option `pdfpagelabels' set `true' on input line 4045.
Package hyperref Info: Hyper figures OFF on input line 4162.
Package hyperref Info: Link nesting OFF on input line 4167.
Package hyperref Info: Hyper index OFF on input line 4172.
Package hyperref Info: Plain pages OFF on input line 4177.
Package hyperref Info: Backreferencing OFF on input line 4182.
Package hyperref Info: Implicit mode ON; LaTeX internals redefined.
\stockwidth=\dimen152
\stockheight=\dimen153
Package hyperref Info: Bookmarks ON on input line 4410.
\c@Hy@tempcnt=\count277

(c:/texlive/2022/texmf-dist/tex/latex/url/url.sty
\Urlmuskip=\muskip16
Package: url 2013/09/16  ver 3.4  Verb mode for urls, etc.
)
LaTeX Info: Redefining \url on input line 4748.
\XeTeXLinkMargin=\dimen154

(c:/texlive/2022/texmf-dist/tex/generic/bitset/bitset.sty
Package: bitset 2019/12/09 v1.3 Handle bit-vector datatype (HO)

(c:/texlive/2022/texmf-dist/tex/generic/bigintcalc/bigintcalc.sty
Package: bigintcalc 2019/12/15 v1.5 Expandable calculations on big integers (HO
)
))
\Fld@menulength=\count278
\Field@Width=\dimen155
\Fld@charsize=\dimen156
Package hyperref Info: Hyper figures OFF on input line 6027.
Package hyperref Info: Link nesting OFF on input line 6032.
Package hyperref Info: Hyper index OFF on input line 6037.
Package hyperref Info: backreferencing OFF on input line 6042.
Package hyperref Info: Link coloring OFF on input line 6047.
Package hyperref Info: Link coloring with OCG OFF on input line 6052.
Package hyperref Info: PDF/A mode OFF on input line 6057.

(c:/texlive/2022/texmf-dist/tex/latex/base/atbegshi-ltx.sty
Package: atbegshi-ltx 2021/01/10 v1.0c Emulation of the original atbegshi
package with kernel methods
)
\Hy@abspage=\count279
\c@Item=\count280
\c@Hfootnote=\count281
)
Package hyperref Info: Driver (autodetected): hxetex.

(c:/texlive/2022/texmf-dist/tex/latex/hyperref/hxetex.def
File: hxetex.def 2022-09-22 v7.00t Hyperref driver for XeTeX

(c:/texlive/2022/texmf-dist/tex/generic/stringenc/stringenc.sty
Package: stringenc 2019/11/29 v1.12 Convert strings between diff. encodings (HO
)
)
\pdfm@box=\box96
\c@Hy@AnnotLevel=\count282
\HyField@AnnotCount=\count283
\Fld@listcount=\count284
\c@bookmark@seq@number=\count285

(c:/texlive/2022/texmf-dist/tex/latex/rerunfilecheck/rerunfilecheck.sty
Package: rerunfilecheck 2022-07-10 v1.10 Rerun checks for auxiliary files (HO)

(c:/texlive/2022/texmf-dist/tex/generic/uniquecounter/uniquecounter.sty
Package: uniquecounter 2019/12/15 v1.4 Provide unlimited unique counter (HO)
)
Package uniquecounter Info: New unique counter `rerunfilecheck' on input line 2
85.
)
\Hy@SectionHShift=\skip53
)
Package hyperref Info: Option `colorlinks' set `true' on input line 66.
Package hyperref Info: Option `plainpages' set `false' on input line 66.
Package hyperref Info: Option `bookmarksopen' set `true' on input line 66.
Package hyperref Info: Option `bookmarksnumbered' set `true' on input line 66.
\c@HD@unique=\count286
\c@HD@hypercount=\count287
\HD@helplength=\skip54
)
\@indexfile=\write3
\openout3 = `tocloft_ZH_CN.idx'.


Writing index file tocloft_ZH_CN.idx
(c:/texlive/2022/texmf-dist/tex/latex/graphics/graphicx.sty
Package: graphicx 2021/09/16 v1.2d Enhanced LaTeX Graphics (DPC,SPQR)

(c:/texlive/2022/texmf-dist/tex/latex/graphics/graphics.sty
Package: graphics 2022/03/10 v1.4e Standard LaTeX Graphics (DPC,SPQR)

(c:/texlive/2022/texmf-dist/tex/latex/graphics/trig.sty
Package: trig 2021/08/11 v1.11 sin cos tan (DPC)
)
(c:/texlive/2022/texmf-dist/tex/latex/graphics-cfg/graphics.cfg
File: graphics.cfg 2016/06/04 v1.11 sample graphics configuration
)
Package graphics Info: Driver file: xetex.def on input line 107.

(c:/texlive/2022/texmf-dist/tex/latex/graphics-def/xetex.def
File: xetex.def 2022/09/22 v5.0n Graphics/color driver for xetex
))
\Gin@req@height=\dimen157
\Gin@req@width=\dimen158
)
(c:/texlive/2022/texmf-dist/tex/latex/base/fontenc.sty
Package: fontenc 2021/04/29 v2.0v Standard LaTeX package
LaTeX Font Info:    Trying to load font information for T1+lmr on input line 11
2.

(c:/texlive/2022/texmf-dist/tex/latex/lm/t1lmr.fd
File: t1lmr.fd 2015/05/01 v1.6.1 Font defs for Latin Modern
))
(c:/texlive/2022/texmf-dist/tex/latex/tabularray/tabularray.sty
(c:/texlive/2022/texmf-dist/tex/latex/l3kernel/expl3.sty
Package: expl3 2022-09-28 L3 programming layer (loader) 

(c:/texlive/2022/texmf-dist/tex/latex/l3backend/l3backend-xetex.def
File: l3backend-xetex.def 2022-09-28 L3 backend support: XeTeX
\g__graphics_track_int=\count288
\l__pdf_internal_box=\box97
\g__pdf_backend_object_int=\count289
\g__pdf_backend_annotation_int=\count290
\g__pdf_backend_link_int=\count291
))
Package: tabularray 2022-07-01 v2022C Typeset tabulars and arrays with LaTeX3
\l__tblr_a_int=\count292
\l__tblr_c_int=\count293
\l__tblr_r_int=\count294
\l__tblr_d_dim=\dimen159
\l__tblr_h_dim=\dimen160
\l__tblr_o_dim=\dimen161
\l__tblr_p_dim=\dimen162
\l__tblr_q_dim=\dimen163
\l__tblr_r_dim=\dimen164
\l__tblr_s_dim=\dimen165
\l__tblr_t_dim=\dimen166
\l__tblr_v_dim=\dimen167
\l__tblr_w_dim=\dimen168
\l__tblr_a_box=\box98
\l__tblr_b_box=\box99
\l__tblr_c_box=\box100
\l__tblr_d_box=\box101
\g__tblr_table_count_int=\count295
\c@rownum=\count296
\c@colnum=\count297
\c@rowcount=\count298
\c@colcount=\count299
\abovesep=\dimen169
\belowsep=\dimen170
\leftsep=\dimen171
\rightsep=\dimen172
\g_tblr_level_int=\count300
\g__tblr_data_row_key_count_int=\count301
\g__tblr_data_column_key_count_int=\count302
\g__tblr_data_cell_key_count_int=\count303
\g__tblr_array_int=\count304
\l__tblr_key_count_int=\count305
\l__tblr_key_quotient_int=\count306
\l__tblr_key_quotient_two_int=\count307
\l__tblr_key_remainder_int=\count308
\g__tblr_data_str_value_count_int=\count309
\rulewidth=\dimen173
\l__tblr_strut_dp_dim=\dimen174
\l__tblr_strut_ht_dim=\dimen175
\g__tblr_cell_wd_dim=\dimen176
\g__tblr_cell_ht_dim=\dimen177
\g__tblr_cell_head_dim=\dimen178
\g__tblr_cell_foot_dim=\dimen179
\l__column_target_dim=\dimen180
\l__tblr_caption_box=\box102
\l__tblr_caption_left_box=\box103
\l__tblr_row_head_box=\box104
\l__tblr_row_foot_box=\box105
\l__tblr_row_head_foot_dim=\dimen181
\tablewidth=\dimen182
\l__tblr_table_firsthead_box=\box106
\l__tblr_table_middlehead_box=\box107
\l__tblr_table_lasthead_box=\box108
\l__tblr_table_firstfoot_box=\box109
\l__tblr_table_middlefoot_box=\box110
\l__tblr_table_lastfoot_box=\box111
\l__tblr_remain_height_dim=\dimen183
\l__tblr_long_from_int=\count310
\l__tblr_long_to_int=\count311
\l__tblr_curr_i_int=\count312
\l__tblr_prev_i_int=\count313
\l__tblr_table_page_int=\count314
\l__tblr_table_head_box=\box112
\l__tblr_table_foot_box=\box113
\l__tblr_table_head_foot_dim=\dimen184
\l__tblr_table_head_body_foot_dim=\dimen185
\l__tblr_table_box=\box114
\l__tblr_table_hlines_box=\box115
\l__tblr_hline_box=\box116
\l__tblr_row_box=\box117
\l__tblr_col_o_wd_dim=\dimen186
\l__tblr_col_b_wd_dim=\dimen187
\l__tblr_hline_leftskip_dim=\dimen188
\l__tblr_hline_rightskip_dim=\dimen189
\l__tblr_row_ht_dim=\dimen190
\l__tblr_row_dp_dim=\dimen191
\l__tblr_row_abovesep_dim=\dimen192
\l__tblr_row_belowsep_dim=\dimen193
\l__tblr_row_vlines_box=\box118
\l__tblr_vline_box=\box119
\l__tblr_cell_box=\box120
\l__row_upper_dim=\dimen194
\l__row_lower_dim=\dimen195
\l__row_vpace_dim=\dimen196
\l__tblr_vline_aboveskip_dim=\dimen197
\l__tblr_vline_belowskip_dim=\dimen198
\l__tblr_cell_wd_dim=\dimen199
\l__tblr_cell_ht_dim=\dimen256
\l__tblr_diag_box=\box121
)
(c:/texlive/2022/texmf-dist/tex/latex/caption/caption.sty
Package: caption 2022/03/01 v3.6b Customizing captions (AR)

(c:/texlive/2022/texmf-dist/tex/latex/caption/caption3.sty
Package: caption3 2022/03/17 v2.3b caption3 kernel (AR)
\caption@tempdima=\dimen257
\captionmargin=\dimen258
\caption@leftmargin=\dimen259
\caption@rightmargin=\dimen260
\caption@width=\dimen261
\caption@indent=\dimen262
\caption@parindent=\dimen263
\caption@hangindent=\dimen264
Package caption Info: Standard document class detected.
)
\c@caption@flags=\count315
\c@continuedfloat=\count316
Package caption Info: hyperref package is loaded.
)
(c:/texlive/2022/texmf-dist/tex/latex/fontspec/fontspec.sty
(c:/texlive/2022/texmf-dist/tex/latex/l3packages/xparse/xparse.sty
Package: xparse 2022-06-22 L3 Experimental document command parser
)
Package: fontspec 2022/01/15 v2.8a Font selection for XeLaTeX and LuaLaTeX

(c:/texlive/2022/texmf-dist/tex/latex/fontspec/fontspec-xetex.sty
Package: fontspec-xetex 2022/01/15 v2.8a Font selection for XeLaTeX and LuaLaTe
X
\l__fontspec_script_int=\count317
\l__fontspec_language_int=\count318
\l__fontspec_strnum_int=\count319
\l__fontspec_tmp_int=\count320
\l__fontspec_tmpa_int=\count321
\l__fontspec_tmpb_int=\count322
\l__fontspec_tmpc_int=\count323
\l__fontspec_em_int=\count324
\l__fontspec_emdef_int=\count325
\l__fontspec_strong_int=\count326
\l__fontspec_strongdef_int=\count327
\l__fontspec_tmpa_dim=\dimen265
\l__fontspec_tmpb_dim=\dimen266
\l__fontspec_tmpc_dim=\dimen267

(c:/texlive/2022/texmf-dist/tex/latex/base/fontenc.sty
Package: fontenc 2021/04/29 v2.0v Standard LaTeX package
)
(c:/texlive/2022/texmf-dist/tex/latex/fontspec/fontspec.cfg)))
(c:/texlive/2022/texmf-dist/tex/latex/float/float.sty
Package: float 2001/11/08 v1.3d Float enhancements (AL)
\c@float@type=\count328
\float@exts=\toks19
\float@box=\box122
\@float@everytoks=\toks20
\@floatcapt=\box123
)
(c:/texlive/2022/texmf-dist/tex/xelatex/xecjk/xeCJK.sty
Package: xeCJK 2022/08/05 v3.9.1 Typesetting CJK scripts with XeLaTeX

(c:/texlive/2022/texmf-dist/tex/latex/ctex/ctexhook.sty
Package: ctexhook 2022/07/14 v2.5.10 Document and package hooks (CTEX)
)
(c:/texlive/2022/texmf-dist/tex/latex/l3packages/xtemplate/xtemplate.sty
Package: xtemplate 2022-06-22 L3 Experimental prototype document functions
\l__xtemplate_tmp_dim=\dimen268
\l__xtemplate_tmp_int=\count329
\l__xtemplate_tmp_muskip=\muskip17
\l__xtemplate_tmp_skip=\skip55
)
\l__xeCJK_tmp_int=\count330
\l__xeCJK_tmp_box=\box124
\l__xeCJK_tmp_dim=\dimen269
\l__xeCJK_tmp_skip=\skip56
\g__xeCJK_space_factor_int=\count331
\l__xeCJK_begin_int=\count332
\l__xeCJK_end_int=\count333
\c__xeCJK_CJK_class_int=\XeTeXcharclass1
\c__xeCJK_FullLeft_class_int=\XeTeXcharclass2
\c__xeCJK_FullRight_class_int=\XeTeXcharclass3
\c__xeCJK_HalfLeft_class_int=\XeTeXcharclass4
\c__xeCJK_HalfRight_class_int=\XeTeXcharclass5
\c__xeCJK_NormalSpace_class_int=\XeTeXcharclass6
\c__xeCJK_CM_class_int=\XeTeXcharclass7
\c__xeCJK_HangulJamo_class_int=\XeTeXcharclass8
\l__xeCJK_last_skip=\skip57
\c__xeCJK_none_node=\count334
\g__xeCJK_node_int=\count335
\c__xeCJK_CJK_node_dim=\dimen270
\c__xeCJK_CJK-space_node_dim=\dimen271
\c__xeCJK_default_node_dim=\dimen272
\c__xeCJK_CJK-widow_node_dim=\dimen273
\c__xeCJK_normalspace_node_dim=\dimen274
\c__xeCJK_default-space_node_skip=\skip58
\l__xeCJK_ccglue_skip=\skip59
\l__xeCJK_ecglue_skip=\skip60
\l__xeCJK_punct_kern_skip=\skip61
\l__xeCJK_indent_box=\box125
\l__xeCJK_last_penalty_int=\count336
\l__xeCJK_last_bound_dim=\dimen275
\l__xeCJK_last_kern_dim=\dimen276
\l__xeCJK_widow_penalty_int=\count337

Package xtemplate Info: Declaring object type 'xeCJK/punctuation' taking 0
(xtemplate)             argument(s) on line 2396.

\l__xeCJK_fixed_punct_width_dim=\dimen277
\l__xeCJK_mixed_punct_width_dim=\dimen278
\l__xeCJK_middle_punct_width_dim=\dimen279
\l__xeCJK_fixed_margin_width_dim=\dimen280
\l__xeCJK_mixed_margin_width_dim=\dimen281
\l__xeCJK_middle_margin_width_dim=\dimen282
\l__xeCJK_bound_punct_width_dim=\dimen283
\l__xeCJK_bound_margin_width_dim=\dimen284
\l__xeCJK_margin_minimum_dim=\dimen285
\l__xeCJK_kerning_total_width_dim=\dimen286
\l__xeCJK_same_align_margin_dim=\dimen287
\l__xeCJK_different_align_margin_dim=\dimen288
\l__xeCJK_kerning_margin_width_dim=\dimen289
\l__xeCJK_kerning_margin_minimum_dim=\dimen290
\l__xeCJK_bound_dim=\dimen291
\l__xeCJK_reverse_bound_dim=\dimen292
\l__xeCJK_margin_dim=\dimen293
\l__xeCJK_minimum_bound_dim=\dimen294
\l__xeCJK_kerning_margin_dim=\dimen295
\g__xeCJK_family_int=\count338
\l__xeCJK_fam_int=\count339
\g__xeCJK_fam_allocation_int=\count340
\l__xeCJK_verb_case_int=\count341
\l__xeCJK_verb_exspace_skip=\skip62

(c:/texlive/2022/texmf-dist/tex/xelatex/xecjk/xeCJK.cfg
File: xeCJK.cfg 2022/08/05 v3.9.1 Configuration file for xeCJK package
))

Package fontspec Info: Could not resolve font "思源宋体 CN Light/I" (it probably
(fontspec)             doesn't exist).


Package fontspec Info: Font family '思源宋体CNLight(0)' created for font '思源宋体 CN
(fontspec)             Light' with options [Script={CJK}].
(fontspec)              
(fontspec)              This font family consists of the following NFSS
(fontspec)             series/shapes:
(fontspec)              
(fontspec)             - 'normal' (m/n) with NFSS spec.: <->"思源宋体 CN
(fontspec)             Light/OT:script=hani;language=dflt;"
(fontspec)             - 'small caps'  (m/sc) with NFSS spec.: 
(fontspec)             - 'bold' (b/n) with NFSS spec.: <->"思源宋体 CN
(fontspec)             Light/B/OT:script=hani;language=dflt;"
(fontspec)             - 'bold small caps'  (b/sc) with NFSS spec.: 
(fontspec)             - 'bold italic' (b/it) with NFSS spec.: <->"思源宋体 CN
(fontspec)             Light/BI/OT:script=hani;language=dflt;"
(fontspec)             - 'bold italic small caps'  (b/scit) with NFSS spec.: 


(c:/texlive/2022/texmf-dist/tex/latex/tools/indentfirst.sty
Package: indentfirst 1995/11/23 v1.03 Indent first paragraph (DPC)
)
(c:/texlive/2022/texmf-dist/tex/latex/changepage/changepage.sty
Package: changepage 2009/10/20 v1.0c check page and change page layout
\c@cp@cntr=\count342
\cp@tempcnt=\count343
)
(c:/texlive/2022/texmf-dist/tex/latex/base/makeidx.sty
Package: makeidx 2021/10/04 v1.0m Standard LaTeX package
) (./tocloft.sty
Package: tocloft 2017/08/31 v2.3i parameterised ToC, etc., typesetting
Package tocloft Info: The document has section divisions on input line 51.
\cftparskip=\skip63
\cftbeforetoctitleskip=\skip64
\cftaftertoctitleskip=\skip65
\cftbeforepartskip=\skip66
\cftpartnumwidth=\skip67
\cftpartindent=\skip68
\cftbeforesecskip=\skip69
\cftsecindent=\skip70
\cftsecnumwidth=\skip71
\cftbeforesubsecskip=\skip72
\cftsubsecindent=\skip73
\cftsubsecnumwidth=\skip74
\cftbeforesubsubsecskip=\skip75
\cftsubsubsecindent=\skip76
\cftsubsubsecnumwidth=\skip77
\cftbeforeparaskip=\skip78
\cftparaindent=\skip79
\cftparanumwidth=\skip80
\cftbeforesubparaskip=\skip81
\cftsubparaindent=\skip82
\cftsubparanumwidth=\skip83
\cftbeforeloftitleskip=\skip84
\cftafterloftitleskip=\skip85
\cftbeforefigskip=\skip86
\cftfigindent=\skip87
\cftfignumwidth=\skip88
\c@lofdepth=\count344
\c@lotdepth=\count345
\cftbeforelottitleskip=\skip89
\cftafterlottitleskip=\skip90
\cftbeforetabskip=\skip91
\cfttabindent=\skip92
\cfttabnumwidth=\skip93
)
(c:/texlive/2022/texmf-dist/tex/latex/xcolor/xcolor.sty
Package: xcolor 2022/06/12 v2.14 LaTeX color extensions (UK)

(c:/texlive/2022/texmf-dist/tex/latex/graphics-cfg/color.cfg
File: color.cfg 2016/01/02 v1.6 sample color configuration
)
Package xcolor Info: Driver file: xetex.def on input line 227.

(c:/texlive/2022/texmf-dist/tex/latex/graphics/mathcolor.ltx)
Package xcolor Info: Model `cmy' substituted by `cmy0' on input line 1353.
Package xcolor Info: Model `RGB' extended on input line 1369.
Package xcolor Info: Model `HTML' substituted by `rgb' on input line 1371.
Package xcolor Info: Model `Hsb' substituted by `hsb' on input line 1372.
Package xcolor Info: Model `tHsb' substituted by `hsb' on input line 1373.
Package xcolor Info: Model `HSB' substituted by `hsb' on input line 1374.
Package xcolor Info: Model `Gray' substituted by `gray' on input line 1375.
Package xcolor Info: Model `wave' substituted by `hsb' on input line 1376.
)

! LaTeX Error: Option clash for package hyperref.

See the LaTeX manual or LaTeX Companion for explanation.
Type  H <return>  for immediate help.
 ...                                              
                                                  
l.106 
      
? 
(./tocloft_ZH_CN.aux)
\openout1 = `tocloft_ZH_CN.aux'.

LaTeX Font Info:    Checking defaults for OML/cmm/m/it on input line 109.
LaTeX Font Info:    ... okay on input line 109.
LaTeX Font Info:    Checking defaults for OMS/cmsy/m/n on input line 109.
LaTeX Font Info:    ... okay on input line 109.
LaTeX Font Info:    Checking defaults for OT1/cmr/m/n on input line 109.
LaTeX Font Info:    ... okay on input line 109.
LaTeX Font Info:    Checking defaults for T1/cmr/m/n on input line 109.
LaTeX Font Info:    ... okay on input line 109.
LaTeX Font Info:    Checking defaults for TS1/cmr/m/n on input line 109.
LaTeX Font Info:    Trying to load font information for TS1+cmr on input line 1
09.
 (c:/texlive/2022/texmf-dist/tex/latex/base/ts1cmr.fd
File: ts1cmr.fd 2019/12/16 v2.5j Standard LaTeX font definitions
)
LaTeX Font Info:    ... okay on input line 109.
LaTeX Font Info:    Checking defaults for TU/lmr/m/n on input line 109.
LaTeX Font Info:    ... okay on input line 109.
LaTeX Font Info:    Checking defaults for OMX/cmex/m/n on input line 109.
LaTeX Font Info:    ... okay on input line 109.
LaTeX Font Info:    Checking defaults for U/cmr/m/n on input line 109.
LaTeX Font Info:    ... okay on input line 109.
LaTeX Font Info:    Checking defaults for PD1/pdf/m/n on input line 109.
LaTeX Font Info:    ... okay on input line 109.
LaTeX Font Info:    Checking defaults for PU/pdf/m/n on input line 109.
LaTeX Font Info:    ... okay on input line 109.
Package doc Info: Made | a short reference for \verb on input line 109.
Package hyperref Info: Link coloring ON on input line 109.

(./tocloft_ZH_CN.out) (./tocloft_ZH_CN.out)
\@outlinefile=\write4
\openout4 = `tocloft_ZH_CN.out'.

 (./tocloft_ZH_CN.hd)
\HD@savedest@out=\write5
\openout5 = `tocloft_ZH_CN.hd'.


(c:/texlive/2022/texmf-dist/tex/latex/ninecolors/ninecolors.sty
Package: ninecolors 2022-02-13 vv2022D Select colors with proper color contrast

)
Package caption Info: Begin \AtBeginDocument code.
Package caption Info: changepage package is loaded.
\caption@adjustwidth@hsize=\dimen296
\caption@adjustwidth@linewidth=\dimen297
Package caption Info: float package is loaded.
Package caption Info: End \AtBeginDocument code.

Package fontspec Info: Adjusting the maths setup (use [no-math] to avoid
(fontspec)             this).

\symlegacymaths=\mathgroup4
LaTeX Font Info:    Overwriting symbol font `legacymaths' in version `bold'
(Font)                  OT1/cmr/m/n --> OT1/cmr/bx/n on input line 109.
LaTeX Font Info:    Redeclaring math accent \acute on input line 109.
LaTeX Font Info:    Redeclaring math accent \grave on input line 109.
LaTeX Font Info:    Redeclaring math accent \ddot on input line 109.
LaTeX Font Info:    Redeclaring math accent \tilde on input line 109.
LaTeX Font Info:    Redeclaring math accent \bar on input line 109.
LaTeX Font Info:    Redeclaring math accent \breve on input line 109.
LaTeX Font Info:    Redeclaring math accent \check on input line 109.
LaTeX Font Info:    Redeclaring math accent \hat on input line 109.
LaTeX Font Info:    Redeclaring math accent \dot on input line 109.
LaTeX Font Info:    Redeclaring math accent \mathring on input line 109.
LaTeX Font Info:    Redeclaring math symbol \colon on input line 109.
LaTeX Font Info:    Redeclaring math symbol \Gamma on input line 109.
LaTeX Font Info:    Redeclaring math symbol \Delta on input line 109.
LaTeX Font Info:    Redeclaring math symbol \Theta on input line 109.
LaTeX Font Info:    Redeclaring math symbol \Lambda on input line 109.
LaTeX Font Info:    Redeclaring math symbol \Xi on input line 109.
LaTeX Font Info:    Redeclaring math symbol \Pi on input line 109.
LaTeX Font Info:    Redeclaring math symbol \Sigma on input line 109.
LaTeX Font Info:    Redeclaring math symbol \Upsilon on input line 109.
LaTeX Font Info:    Redeclaring math symbol \Phi on input line 109.
LaTeX Font Info:    Redeclaring math symbol \Psi on input line 109.
LaTeX Font Info:    Redeclaring math symbol \Omega on input line 109.
LaTeX Font Info:    Redeclaring math symbol \mathdollar on input line 109.
LaTeX Font Info:    Redeclaring symbol font `operators' on input line 109.
LaTeX Font Info:    Encoding `OT1' has changed to `TU' for symbol font
(Font)              `operators' in the math version `normal' on input line 109.

LaTeX Font Info:    Overwriting symbol font `operators' in version `normal'
(Font)                  OT1/cmr/m/n --> TU/lmr/m/n on input line 109.
LaTeX Font Info:    Encoding `OT1' has changed to `TU' for symbol font
(Font)              `operators' in the math version `bold' on input line 109.
LaTeX Font Info:    Overwriting symbol font `operators' in version `bold'
(Font)                  OT1/cmr/bx/n --> TU/lmr/m/n on input line 109.
LaTeX Font Info:    Overwriting symbol font `operators' in version `normal'
(Font)                  TU/lmr/m/n --> TU/lmr/m/n on input line 109.
LaTeX Font Info:    Overwriting math alphabet `\mathit' in version `normal'
(Font)                  OT1/cmr/m/it --> TU/lmr/m/it on input line 109.
LaTeX Font Info:    Overwriting math alphabet `\mathbf' in version `normal'
(Font)                  OT1/cmr/bx/n --> TU/lmr/b/n on input line 109.
LaTeX Font Info:    Overwriting math alphabet `\mathsf' in version `normal'
(Font)                  OT1/cmss/m/n --> TU/lmss/m/n on input line 109.
LaTeX Font Info:    Overwriting math alphabet `\mathtt' in version `normal'
(Font)                  OT1/cmtt/m/n --> TU/lmtt/m/n on input line 109.
LaTeX Font Info:    Overwriting symbol font `operators' in version `bold'
(Font)                  TU/lmr/m/n --> TU/lmr/b/n on input line 109.
LaTeX Font Info:    Overwriting math alphabet `\mathit' in version `bold'
(Font)                  OT1/cmr/bx/it --> TU/lmr/b/it on input line 109.
LaTeX Font Info:    Overwriting math alphabet `\mathsf' in version `bold'
(Font)                  OT1/cmss/bx/n --> TU/lmss/b/n on input line 109.
LaTeX Font Info:    Overwriting math alphabet `\mathtt' in version `bold'
(Font)                  OT1/cmtt/m/n --> TU/lmtt/b/n on input line 109.

(./tocloft_ZH_CN.dtx

Package xeCJK Warning: Unknown CJK family `\CJKsfdefault' is being ignored.
(xeCJK)                
(xeCJK)                Try to use `\setCJKsansfont[<...>]{<...>}' to define
(xeCJK)                it.


Package fontspec Info: Could not resolve font "Source Han Sans Regular/I" (it
(fontspec)             probably doesn't exist).


Package fontspec Info: Font family 'SourceHanSansRegular(0)' created for font
(fontspec)             'Source Han Sans Regular' with options [Script={CJK}].
(fontspec)              
(fontspec)              This font family consists of the following NFSS
(fontspec)             series/shapes:
(fontspec)              
(fontspec)             - 'normal' (m/n) with NFSS spec.: <->"Source Han Sans
(fontspec)             Regular/OT:script=hani;language=dflt;"
(fontspec)             - 'small caps'  (m/sc) with NFSS spec.: 
(fontspec)             - 'bold' (b/n) with NFSS spec.: <->"Source Han Sans
(fontspec)             Regular/B/OT:script=hani;language=dflt;"
(fontspec)             - 'bold small caps'  (b/sc) with NFSS spec.: 
(fontspec)             - 'bold italic' (b/it) with NFSS spec.: <->"Source Han
(fontspec)             Sans Regular/BI/OT:script=hani;language=dflt;"
(fontspec)             - 'bold italic small caps'  (b/scit) with NFSS spec.: 

LaTeX Font Info:    External font `cmex10' loaded for size
(Font)              <17.28> on input line 221.
LaTeX Font Info:    External font `cmex10' loaded for size
(Font)              <12> on input line 221.
LaTeX Font Info:    External font `cmex10' loaded for size
(Font)              <8> on input line 221.
LaTeX Font Info:    External font `cmex10' loaded for size
(Font)              <6> on input line 221.
LaTeX Font Info:    External font `cmex10' loaded for size
(Font)              <5> on input line 221.

Package xeCJK Warning: Unknown CJK family `\CJKttdefault' is being ignored.
(xeCJK)                
(xeCJK)                Try to use `\setCJKmonofont[<...>]{<...>}' to define
(xeCJK)                it.


Package fontspec Info: Could not resolve font "Source Han Sans Light/I" (it
(fontspec)             probably doesn't exist).


Package fontspec Info: Font family 'SourceHanSansLight(0)' created for font
(fontspec)             'Source Han Sans Light' with options [Script={CJK}].
(fontspec)              
(fontspec)              This font family consists of the following NFSS
(fontspec)             series/shapes:
(fontspec)              
(fontspec)             - 'normal' (m/n) with NFSS spec.: <->"Source Han Sans
(fontspec)             Light/OT:script=hani;language=dflt;"
(fontspec)             - 'small caps'  (m/sc) with NFSS spec.: 
(fontspec)             - 'bold' (b/n) with NFSS spec.: <->"Source Han Sans
(fontspec)             Light/B/OT:script=hani;language=dflt;"
(fontspec)             - 'bold small caps'  (b/sc) with NFSS spec.: 
(fontspec)             - 'bold italic' (b/it) with NFSS spec.: <->"Source Han
(fontspec)             Sans Light/BI/OT:script=hani;language=dflt;"
(fontspec)             - 'bold italic small caps'  (b/scit) with NFSS spec.: 

[1

] (./tocloft_ZH_CN.toc
LaTeX Font Info:    External font `cmex10' loaded for size
(Font)              <7> on input line 1.
)
\tf@toc=\write6
\openout6 = `tocloft_ZH_CN.toc'.

 (./tocloft_ZH_CN.lof)
\tf@lof=\write7
\openout7 = `tocloft_ZH_CN.lof'.

 (./tocloft_ZH_CN.lot)
\tf@lot=\write8
\openout8 = `tocloft_ZH_CN.lot'.

 [2

]

Package fontspec Info: Could not resolve font "KaiTi/BI" (it probably doesn't
(fontspec)             exist).


Package fontspec Info: Could not resolve font "KaiTi/B" (it probably doesn't
(fontspec)             exist).


Package fontspec Info: Could not resolve font "KaiTi/I" (it probably doesn't
(fontspec)             exist).


Package fontspec Info: Font family 'KaiTi(0)' created for font 'KaiTi' with
(fontspec)             options [Script={CJK}].
(fontspec)              
(fontspec)              This font family consists of the following NFSS
(fontspec)             series/shapes:
(fontspec)              
(fontspec)             - 'normal' (m/n) with NFSS spec.:
(fontspec)             <->"KaiTi/OT:script=hani;language=dflt;"
(fontspec)             - 'small caps'  (m/sc) with NFSS spec.: 


[3] [4] [5] [6]
Overfull \hbox (48.00009pt too wide) in paragraph at lines 497--497
 [] \TU/lmtt/m/n/9 \unhbox \voidb@x \hbox {}\unhbox \voidb@x \leaders \hrule \h
fill \kern \z@ \par[] 
 []


Overfull \hbox (12.24977pt too wide) in paragraph at lines 506--507
[][]\TU/lmtt/m/n/10 \addtocontents{toc}{\protect\enlargethispage{2\baselineskip
}}
 []

[7]
Overfull \hbox (2.96997pt too wide) in paragraph at lines 507--510
[][]\TU/lmtt/m/n/10 \addtocontents{toc}{\protect\needspace{2\baselineskip}} \TU
/思源宋体CNLight(0)/m/n/10 指 定
 []

[8]

LaTeX Warning: Marginpar on page 9 moved.


LaTeX Warning: Marginpar on page 9 moved.

[9

]

LaTeX Warning: Marginpar on page 10 moved.


LaTeX Warning: Marginpar on page 10 moved.

[10] [11] [12]
Overfull \hbox (9.25983pt too wide) in paragraph at lines 728--730
[]\TU/思源宋体CNLight(0)/m/n/10 当 使 用 标 准 类 \TU/lmr/m/n/10 (standard class) \TU/思源宋
体CNLight(0)/m/n/10 时，| []\TU/lmtt/m/n/10 \cftpartaftersnum \TU/思源宋体CNLight(0)/m
/n/10 和 []\TU/lmtt/m/n/10 \cftpartaftersnumb
 []

[13] [14] [15]
Overfull \hbox (12.86761pt too wide) in paragraph at lines 862--864
[][][]\TU/思源宋体CNLight(0)/m/n/10 命 令 []\TU/lmtt/m/n/10 \cftpagenumberson{$\OMS/c
msy/m/n/10 h$[]\TU/lmr/m/it/10 entry$\OMS/cmsy/m/n/10 i$[][]\TU/lmtt/m/n/10 } \
TU/思源宋体CNLight(0)/m/n/10 反 转 \TU/lmr/m/n/10 (reverses) \TU/思源宋体CNLight(0)/m/n/1
0 相 应 的 []\TU/lmtt/m/n/10 \cftpagenumbersoff
 []

[16] [17]
Overfull \hbox (7.49998pt too wide) in paragraph at lines 954--957
[]\TU/lmtt/m/n/10 \cftXaftersnumb\TU/思源宋体CNLight(0)/m/n/10 、| []\TU/lmtt/m/n/10
 \cftXleader\TU/思源宋体CNLight(0)/m/n/10 、| []\TU/lmtt/m/n/10 \cftXdotsep\TU/思源宋体C
NLight(0)/m/n/10 、| []\TU/lmtt/m/n/10 \cftXpagefont \TU/思源宋体CNLight(0)/m/n/10 和
 []\TU/lmtt/m/n/10 \cftXafterpnum\TU/思源宋体CNLight(0)/m/n/10 ，|
 []

[18] [19]
Overfull \hbox (11.36761pt too wide) in paragraph at lines 1059--1063
[][][][][][]\TU/lmtt/m/n/10 \cftchapterprecis \TU/思源宋体CNLight(0)/m/n/10 命 令 调 用
 这 两 个 命 令 来 打 印 文 档 \TU/lmr/m/n/10 (\TU/思源宋体CNLight(0)/m/n/10 此 处 的 []\TU/lmtt
/m/n/10 \...here{$\OMS/cmsy/m/n/10 h$[]\TU/lmr/m/it/10 text$\OMS/cmsy/m/n/10 i$
[][]\TU/lmtt/m/n/10 }
 []


LaTeX Warning: Marginpar on page 20 moved.

[20] [21]

LaTeX Warning: Marginpar on page 22 moved.


Overfull \hbox (12.02002pt too wide) in paragraph at lines 1141--1145
\TU/lmr/m/n/10 sions) (\TU/思源宋体CNLight(0)/m/n/10 即 从 部 分 \TU/lmr/m/n/10 [part] 
\TU/思源宋体CNLight(0)/m/n/10 到 子 段 \TU/lmr/m/n/10 [sub-paragraph])\TU/思源宋体CNLight(
0)/m/n/10 ，|  比 如 []\TU/lmtt/m/n/10 \tocotherhead{clause}\TU/思源宋体CNLight(0)/m/n
/10 ，|
 []

[22]

LaTeX Warning: Marginpar on page 23 moved.


LaTeX Warning: Marginpar on page 23 moved.

[23]
LaTeX Font Info:    External font `cmex10' loaded for size
(Font)              <9> on input line 1191.
 [24

] [25]
Overfull \hbox (8.55206pt too wide) in paragraph at lines 1341--1341
 [][]  \TU/lmtt/m/n/9 \@mkboth{\MakeUppercase\listfigurename}{\MakeUppercase\li
stfigurename}} 
 []

[26] [27] [28] [29] [30] [31] [32]
Overfull \hbox (55.80211pt too wide) in paragraph at lines 1700--1700
 [][]       \TU/lmtt/m/n/9 {\cftpartfont \if@cftkoma\else\if@cfttitlesec\else\c
ftpartpresnum\fi\fi #1}% 
 []


Overfull \hbox (8.55205pt too wide) in paragraph at lines 1741--1741
 [][]  \TU/lmtt/m/n/9 \newcommand{\cftpartleader}{\large\bfseries\cftdotfill{\c
ftpartdotsep}} 
 []

[33] [34] [35] [36] [37] [38] [39]
Overfull \hbox (27.45203pt too wide) in paragraph at lines 2122--2122
 [][]\TU/lmtt/m/n/9 \newcommand{\cftsubsubsecleader}{\normalfont\cftdotfill{\cf
tsubsubsecdotsep}} 
 []

[40] [41] [42]
Overfull \hbox (8.55203pt too wide) in paragraph at lines 2276--2276
 [][]\TU/lmtt/m/n/9 \newcommand{\cftsubparaleader}{\normalfont\cftdotfill{\cfts
ubparadotsep}} 
 []

[43

] [44]
Overfull \hbox (8.5598pt too wide) in paragraph at lines 2389--2393
[]\TU/思源宋体CNLight(0)/m/n/10 图 形 目 录 \TU/lmr/m/n/10 (LoF) \TU/思源宋体CNLight(0)/m/n
/10 标 题 按 []\TU/lmtt/m/n/10 \cftloftitlefont \TU/思源宋体CNLight(0)/m/n/10 给 出 的 样 
式 排 版。|  宏 []\TU/lmtt/m/n/10 \cftafterloftitle
 []

[45] [46] [47] [48]
Overfull \hbox (9.2498pt too wide) in paragraph at lines 2594--2598
[]\TU/思源宋体CNLight(0)/m/n/10 表 格 目 录 \TU/lmr/m/n/10 (LoT) \TU/思源宋体CNLight(0)/m/n
/10 标 题 按 []\TU/lmtt/m/n/10 \cftlottitlefont \TU/思源宋体CNLight(0)/m/n/10 给 出 的 样 
式 排 版。|  宏 []\TU/lmtt/m/n/10 \cftafterlottitle
 []

[49] [50]
Overfull \hbox (32.17705pt too wide) in paragraph at lines 2671--2671
 [][]  \TU/lmtt/m/n/9 \makebox[\@pnumwidth][\cftpnumalign]{\cfttabpagefont #1}\
cfttabafterpnum\par 
 []

[51] [52] [53] [54]
Overfull \hbox (22.72714pt too wide) in paragraph at lines 2922--2922
 [][]         \TU/lmtt/m/n/9 \expandafter\noexpand\csname the#1\endcsname.\noex
pand\arabic{#2}}} 
 []


Overfull \hbox (18.00214pt too wide) in paragraph at lines 2953--2953
 [][]       \TU/lmtt/m/n/9 \expandafter\let\expandafter\@cftbsnum\csname cft#2p
resnum\endcsname 
 []


Overfull \hbox (27.45213pt too wide) in paragraph at lines 2953--2953
 [][]       \TU/lmtt/m/n/9 \expandafter\let\expandafter\@cftasnum\csname cft#2a
ftersnum\endcsname 
 []


Overfull \hbox (36.90213pt too wide) in paragraph at lines 2953--2953
 [][]       \TU/lmtt/m/n/9 \expandafter\let\expandafter\@cftasnumb\csname cft#2
aftersnumb\endcsname 
 []

[55]
Overfull \hbox (3.82704pt too wide) in paragraph at lines 3009--3009
 [][]  \TU/lmtt/m/n/9 \@namedef{cft#2leader}{\normalfont\cftdotfill{\@nameuse{c
ft#2dotsep}}} 
 []

[56] [57] [58]
Overfull \hbox (41.6271pt too wide) in paragraph at lines 3164--3164
 [][]      \TU/lmtt/m/n/9 \setlength{\@nameuse{cftbefore#3titleskip}}{3.5ex \@p
lus 1ex \@minus .2ex} 
 []

[59]
Overfull \hbox (3.82712pt too wide) in paragraph at lines 3233--3233
 [][]        \TU/lmtt/m/n/9 \ifx\@cftemp\cftsubsubsecname \@cftsetindents{subsu
bsec}{#2}{#3} 
 []


Overfull \hbox (3.82713pt too wide) in paragraph at lines 3233--3233
 [][]            \TU/lmtt/m/n/9 \ifx\@cftemp\cftsubparaname \@cftsetindents{sub
para}{#2}{#3} 
 []


Overfull \hbox (13.27716pt too wide) in paragraph at lines 3233--3233
 [][]                \TU/lmtt/m/n/9 \ifx\@cftemp\cftsubfigname \@cftsetindents{
subfig}{#2}{#3} 
 []


Overfull \hbox (32.17719pt too wide) in paragraph at lines 3233--3233
 [][]                    \TU/lmtt/m/n/9 \ifx\@cftemp\cftsubtabname \@cftsetinde
nts{subtab}{#2}{#3} 
 []

[60] [61] [62] [63] [64]
Overfull \hbox (22.72707pt too wide) in paragraph at lines 3466--3466
 [][]  \TU/lmtt/m/n/9 \addtocontents{#1}{\protect\cftsetpnumwidth{#2} \protect\
cftsetrmarg{#3}}} 
 []


Overfull \hbox (27.56882pt too wide) in paragraph at lines 3470--3472
[][]\TU/lmtt/m/n/10 \cftaddtitleline{$\OMS/cmsy/m/n/10 h$[]\TU/lmr/m/it/10 file
$\OMS/cmsy/m/n/10 i$[][]\TU/lmtt/m/n/10 }{$\OMS/cmsy/m/n/10 h$[]\TU/lmr/m/it/10
 kind$\OMS/cmsy/m/n/10 i$[][]\TU/lmtt/m/n/10 }{$\OMS/cmsy/m/n/10 h$[]\TU/lmr/m/
it/10 title$\OMS/cmsy/m/n/10 i$[][]\TU/lmtt/m/n/10 }{$\OMS/cmsy/m/n/10 h$[]\TU/
lmr/m/it/10 page$\OMS/cmsy/m/n/10 i$[][]\TU/lmtt/m/n/10 } \TU/思源宋体CNLight(0)/m/
n/10 在 $\OMS/cmsy/m/n/10 h$[]\TU/lmr/m/it/10 file$\OMS/cmsy/m/n/10 i$ []\TU/思源宋
体CNLight(0)/m/n/10 中 添 加 一 个 []\TU/lmtt/m/n/10 \contentsline
 []

[65]
Overfull \hbox (36.90207pt too wide) in paragraph at lines 3501--3501
 [][]      \TU/lmtt/m/n/9 \protect\contentsline{#2}{\protect\numberline{#3}#4}{
#5}{\@currentHref}}} 
 []

[66] [67]
Overfull \hbox (22.7271pt too wide) in paragraph at lines 3571--3571
 [][]    \TU/lmtt/m/n/9 \string\@starttoc\space has already been redefined; toc
loft bailing out. 
 []

[68] [69] (./tocloft_ZH_CN.ind
Underfull \hbox (badness 10000) in paragraph at lines 56--89
[][]\TU/lmr/m/n/9 1009[][], [][]1012[][], 
 []


Underfull \hbox (badness 10000) in paragraph at lines 56--89
[][]\TU/lmr/m/n/9 1014[][], [][]1016[][], 
 []


Underfull \hbox (badness 10000) in paragraph at lines 56--89
[][]\TU/lmr/m/n/9 1018[][], [][]1020[][], 
 []


Underfull \hbox (badness 10000) in paragraph at lines 56--89
[][]\TU/lmr/m/n/9 1022[][], [][]1024[][], 
 []


Underfull \hbox (badness 10000) in paragraph at lines 56--89
[][]\TU/lmr/m/n/9 1026[][], [][]1028[][], 
 []


Underfull \hbox (badness 10000) in paragraph at lines 56--89
[][]\TU/lmr/m/n/9 1044[][], [][]1045[][], 
 []


Underfull \hbox (badness 10000) in paragraph at lines 56--89
[][]\TU/lmr/m/n/9 1048[][], [][]1050[][], 
 []


Underfull \hbox (badness 10000) in paragraph at lines 56--89
[][]\TU/lmr/m/n/9 1052[][], [][]1054[][], 
 []


Underfull \hbox (badness 10000) in paragraph at lines 56--89
[][]\TU/lmr/m/n/9 1056[][], [][]1058[][], 
 []


Underfull \hbox (badness 5667) in paragraph at lines 56--89
[][]\TU/lmr/m/n/9 1060[][], [][]1062[][], [][]1064[][]  
 []


Underfull \hbox (badness 10000) in paragraph at lines 118--130
[][]\TU/lmr/m/n/9 1010[][], [][]1012[][], 
 []


Underfull \hbox (badness 10000) in paragraph at lines 118--130
[][]\TU/lmr/m/n/9 1014[][], [][]1016[][], 
 []


Underfull \hbox (badness 10000) in paragraph at lines 118--130
[][]\TU/lmr/m/n/9 1018[][], [][]1020[][], 
 []


Underfull \hbox (badness 10000) in paragraph at lines 118--130
[][]\TU/lmr/m/n/9 1022[][], [][]1024[][], 
 []


Underfull \hbox (badness 5667) in paragraph at lines 118--130
[][]\TU/lmr/m/n/9 1026[][], [][]1028[][], [][]1030[][]  
 []


Underfull \hbox (badness 10000) in paragraph at lines 130--142
[][]\TU/lmr/m/n/9 1048[][], [][]1050[][], 
 []


Underfull \hbox (badness 10000) in paragraph at lines 130--142
[][]\TU/lmr/m/n/9 1052[][], [][]1054[][], 
 []


Underfull \hbox (badness 10000) in paragraph at lines 130--142
[][]\TU/lmr/m/n/9 1056[][], [][]1058[][], 
 []


Underfull \hbox (badness 10000) in paragraph at lines 130--142
[][]\TU/lmr/m/n/9 1060[][], [][]1062[][], 
 []


Underfull \hbox (badness 5667) in paragraph at lines 130--142
[][]\TU/lmr/m/n/9 1064[][], [][]1066[][], $[]$  
 []

[70]
Overfull \hbox (4.61636pt too wide) in paragraph at lines 286--289
[][]\TU/lmtt/m/n/9 \@starttoc@latex@orig   
 []


Underfull \hbox (badness 10000) in paragraph at lines 313--320
[][]\TU/lmr/m/n/9 1099[][], [][]1100[][], 
 []


Underfull \hbox (badness 5667) in paragraph at lines 313--320
[][]\TU/lmr/m/n/9 1102[][], [][]1106[][], [][]1108[][]  
 []


Overfull \hbox (4.61636pt too wide) in paragraph at lines 353--355
[][]\TU/lmtt/m/n/9 \cftafterloftitleskip   
 []


Overfull \hbox (4.61636pt too wide) in paragraph at lines 357--359
[][]\TU/lmtt/m/n/9 \cftafterlottitleskip   
 []


Overfull \hbox (4.61636pt too wide) in paragraph at lines 361--363
[][]\TU/lmtt/m/n/9 \cftaftertoctitleskip   
 []


Overfull \hbox (9.34135pt too wide) in paragraph at lines 371--373
[][]\TU/lmtt/m/n/9 \cftbeforeloftitleskip   
 []

[71]
Overfull \hbox (9.34135pt too wide) in paragraph at lines 373--375
[][]\TU/lmtt/m/n/9 \cftbeforelottitleskip   
 []


Overfull \hbox (4.61636pt too wide) in paragraph at lines 383--385
[][]\TU/lmtt/m/n/9 \cftbeforesubparaskip   
 []


Overfull \hbox (14.06636pt too wide) in paragraph at lines 387--389
[][]\TU/lmtt/m/n/9 \cftbeforesubsubsecskip   
 []


Overfull \hbox (9.34135pt too wide) in paragraph at lines 393--395
[][]\TU/lmtt/m/n/9 \cftbeforetoctitleskip   
 []


Overfull \hbox (4.61636pt too wide) in paragraph at lines 425--428
[][]\TU/lmtt/m/n/9 \cftchapterprecishere   
 []

[72]
Overfull \hbox (4.61636pt too wide) in paragraph at lines 611--613
[][]\TU/lmtt/m/n/9 \cftsubparaaftersnumb   
 []

[73]
Overfull \hbox (9.34135pt too wide) in paragraph at lines 655--656
[][]\TU/lmtt/m/n/9 \cftsubsubsecafterpnum   
 []


Overfull \hbox (9.34135pt too wide) in paragraph at lines 656--658
[][]\TU/lmtt/m/n/9 \cftsubsubsecaftersnum   
 []


Overfull \hbox (14.06636pt too wide) in paragraph at lines 658--660
[][]\TU/lmtt/m/n/9 \cftsubsubsecaftersnumb   
 []


Overfull \hbox (4.61636pt too wide) in paragraph at lines 672--674
[][]\TU/lmtt/m/n/9 \cftsubsubsecnumwidth   
 []


Overfull \hbox (4.61636pt too wide) in paragraph at lines 674--675
[][]\TU/lmtt/m/n/9 \cftsubsubsecpagefont   
 []


Underfull \hbox (badness 5667) in paragraph at lines 755--760
[][]\TU/lmr/m/n/9 1103[][], [][]1107[][], [][]1109[][]  
 []


Underfull \hbox (badness 10000) in paragraph at lines 763--780
[][]\TU/lmr/m/n/9 1119[][], [][]1125[][], 
 []


Underfull \hbox (badness 5667) in paragraph at lines 763--780
[][]\TU/lmr/m/n/9 1130[][], [][]1131[][], [][]1135[][]  
 []


Overfull \hbox (4.61636pt too wide) in paragraph at lines 784--787
[][]\TU/lmtt/m/n/9 \DeclareRobustCommand   
 []


Underfull \hbox (badness 10000) in paragraph at lines 792--809
[][]\TU/lmr/m/n/9 1119[][], [][]1125[][], 
 []


Underfull \hbox (badness 5667) in paragraph at lines 792--809
[][]\TU/lmr/m/n/9 1130[][], [][]1131[][], [][]1135[][]  
 []

[74] [75])) [76] (./tocloft_ZH_CN.aux)
Package rerunfilecheck Info: File `tocloft_ZH_CN.out' has not changed.
(rerunfilecheck)             Checksum: FCA645D290AC55637E22C7CD5E1D0B91;2778.
Package rerunfilecheck Info: File `tocloft_ZH_CN.hd' has not changed.
(rerunfilecheck)             Checksum: 14BE60F0203D36CF3AC985BD03FBA7E6;6387.
 ) 
Here is how much of TeX's memory you used:
 19339 strings out of 475744
 411390 string characters out of 5802618
 819498 words of memory out of 5000000
 40233 multiletter control sequences out of 15000+600000
 478297 words of font info for 118 fonts, out of 8000000 for 9000
 1348 hyphenation exceptions out of 8191
 86i,9n,90p,266b,1308s stack positions out of 10000i,1000n,20000p,200000b,200000s

Output written on tocloft_ZH_CN.pdf (76 pages).
