This is XeTeX, Version 3.141592653-2.6-0.999994 (TeX Live 2022) (preloaded format=xelatex 2022.10.7)  25 OCT 2022 21:36
entering extended mode
 \write18 enabled.
 %&-line parsing enabled.
**tocloft.dtx
(./tocloft.dtx
LaTeX2e <2022-06-01> patch level 5
L3 programming layer <2022-09-28>
(c:/texlive/2022/texmf-dist/tex/latex/base/ltxdoc.cls
Document Class: ltxdoc 2022/06/22 v2.1h Standard LaTeX documentation class
*************************************
* Local config file ltxdoc.cfg used
*************************************
(c:/texlive/2022/texmf-dist/tex/latex/base/ltxdoc.cfg
File: ltxdoc.cfg 2022/06/14 v2.0d ltxdoc.cls configuration (LaTeX Project)
)
(c:/texlive/2022/texmf-dist/tex/latex/base/article.cls
Document Class: article 2021/10/04 v1.4n Standard LaTeX document class
(c:/texlive/2022/texmf-dist/tex/latex/base/size10.clo
File: size10.clo 2021/10/04 v1.4n Standard LaTeX file (size option)
)
\c@part=\count181
\c@section=\count182
\c@subsection=\count183
\c@subsubsection=\count184
\c@paragraph=\count185
\c@subparagraph=\count186
\c@figure=\count187
\c@table=\count188
\abovecaptionskip=\skip47
\belowcaptionskip=\skip48
\bibindent=\dimen138
) (./doc.sty
Package: doc 2022/06/08 v3.0j Standard LaTeX documentation package V3 (FMi)
\c@StandardModuleDepth=\count189
\guard@level=\count190
\MacrocodeTopsep=\skip49
\MacroIndent=\dimen139
\macro@cnt=\count191
\MacroTopsep=\skip50
\IndexMin=\dimen140
\c@IndexColumns=\count192

(c:/texlive/2022/texmf-dist/tex/latex/tools/multicol.sty
Package: multicol 2021/11/30 v1.9d multicolumn formatting (FMi)
\c@tracingmulticols=\count193
\mult@box=\box51
\multicol@leftmargin=\dimen141
\c@unbalance=\count194
\c@collectmore=\count195
\doublecol@number=\count196
\multicoltolerance=\count197
\multicolpretolerance=\count198
\full@width=\dimen142
\page@free=\dimen143
\premulticols=\dimen144
\postmulticols=\dimen145
\multicolsep=\skip51
\multicolbaselineskip=\skip52
\partial@page=\box52
\last@line=\box53
\maxbalancingoverflow=\dimen146
\mult@rightbox=\box54
\mult@grightbox=\box55
\mult@firstbox=\box56
\mult@gfirstbox=\box57
\@tempa=\box58
\@tempa=\box59
\@tempa=\box60
\@tempa=\box61
\@tempa=\box62
\@tempa=\box63
\@tempa=\box64
\@tempa=\box65
\@tempa=\box66
\@tempa=\box67
\@tempa=\box68
\@tempa=\box69
\@tempa=\box70
\@tempa=\box71
\@tempa=\box72
\@tempa=\box73
\@tempa=\box74
\@tempa=\box75
\@tempa=\box76
\@tempa=\box77
\@tempa=\box78
\@tempa=\box79
\@tempa=\box80
\@tempa=\box81
\@tempa=\box82
\@tempa=\box83
\@tempa=\box84
\@tempa=\box85
\@tempa=\box86
\@tempa=\box87
\@tempa=\box88
\@tempa=\box89
\@tempa=\box90
\@tempa=\box91
\@tempa=\box92
\@tempa=\box93
\c@minrows=\count199
\c@columnbadness=\count266
\c@finalcolumnbadness=\count267
\last@try=\dimen147
\multicolovershoot=\dimen148
\multicolundershoot=\dimen149
\mult@nat@firstbox=\box94
\colbreak@box=\box95
\mc@col@check@num=\count268
)
\GlossaryMin=\dimen150
\c@GlossaryColumns=\count269
\check@sum=\count270
\bslash@cnt=\count271
\wrong@table=\toks16
\c@CodelineNo=\count272
\@temptokenb=\toks17
)
LaTeX Info: Redefining \cs on input line 266.
)
(c:/texlive/2022/texmf-dist/tex/latex/hypdoc/hypdoc.sty
Package: hypdoc 2022-07-03 v1.17 Hyper extensions for doc.sty (HO)

(c:/texlive/2022/texmf-dist/tex/latex/base/atveryend-ltx.sty
Package: atveryend-ltx 2020/08/19 v1.0a Emulation of the original atveryend pac
kage
with kernel methods
)
(c:/texlive/2022/texmf-dist/tex/latex/hyperref/hyperref.sty
Package: hyperref 2022-09-22 v7.00t Hypertext links for LaTeX

(c:/texlive/2022/texmf-dist/tex/generic/ltxcmds/ltxcmds.sty
Package: ltxcmds 2020-05-10 v1.25 LaTeX kernel commands for general use (HO)
)
(c:/texlive/2022/texmf-dist/tex/generic/iftex/iftex.sty
Package: iftex 2022/02/03 v1.0f TeX engine tests
)
(c:/texlive/2022/texmf-dist/tex/generic/pdftexcmds/pdftexcmds.sty
Package: pdftexcmds 2020-06-27 v0.33 Utility functions of pdfTeX for LuaTeX (HO
)

(c:/texlive/2022/texmf-dist/tex/generic/infwarerr/infwarerr.sty
Package: infwarerr 2019/12/03 v1.5 Providing info/warning/error messages (HO)
)
Package pdftexcmds Info: \pdf@primitive is available.
Package pdftexcmds Info: \pdf@ifprimitive is available.
Package pdftexcmds Info: \pdfdraftmode not found.
)
(c:/texlive/2022/texmf-dist/tex/latex/graphics/keyval.sty
Package: keyval 2022/05/29 v1.15 key=value parser (DPC)
\KV@toks@=\toks18
)
(c:/texlive/2022/texmf-dist/tex/latex/kvsetkeys/kvsetkeys.sty
Package: kvsetkeys 2022-10-05 v1.19 Key value parser (HO)
)
(c:/texlive/2022/texmf-dist/tex/generic/kvdefinekeys/kvdefinekeys.sty
Package: kvdefinekeys 2019-12-19 v1.6 Define keys (HO)
)
(c:/texlive/2022/texmf-dist/tex/generic/pdfescape/pdfescape.sty
Package: pdfescape 2019/12/09 v1.15 Implements pdfTeX's escape features (HO)
)
(c:/texlive/2022/texmf-dist/tex/latex/hycolor/hycolor.sty
Package: hycolor 2020-01-27 v1.10 Color options for hyperref/bookmark (HO)
)
(c:/texlive/2022/texmf-dist/tex/latex/letltxmacro/letltxmacro.sty
Package: letltxmacro 2019/12/03 v1.6 Let assignment for LaTeX macros (HO)
)
(c:/texlive/2022/texmf-dist/tex/latex/auxhook/auxhook.sty
Package: auxhook 2019-12-17 v1.6 Hooks for auxiliary files (HO)
)
(c:/texlive/2022/texmf-dist/tex/latex/hyperref/nameref.sty
Package: nameref 2022-05-17 v2.50 Cross-referencing by name of section

(c:/texlive/2022/texmf-dist/tex/latex/refcount/refcount.sty
Package: refcount 2019/12/15 v3.6 Data extraction from label references (HO)
)
(c:/texlive/2022/texmf-dist/tex/generic/gettitlestring/gettitlestring.sty
Package: gettitlestring 2019/12/15 v1.6 Cleanup title references (HO)

(c:/texlive/2022/texmf-dist/tex/latex/kvoptions/kvoptions.sty
Package: kvoptions 2022-06-15 v3.15 Key value format for package options (HO)
))
\c@section@level=\count273
)
\@linkdim=\dimen151
\Hy@linkcounter=\count274
\Hy@pagecounter=\count275

(c:/texlive/2022/texmf-dist/tex/latex/hyperref/pd1enc.def
File: pd1enc.def 2022-09-22 v7.00t Hyperref: PDFDocEncoding definition (HO)
)
(c:/texlive/2022/texmf-dist/tex/generic/intcalc/intcalc.sty
Package: intcalc 2019/12/15 v1.3 Expandable calculations with integers (HO)
)
(c:/texlive/2022/texmf-dist/tex/generic/etexcmds/etexcmds.sty
Package: etexcmds 2019/12/15 v1.7 Avoid name clashes with e-TeX commands (HO)
)
\Hy@SavedSpaceFactor=\count276

(c:/texlive/2022/texmf-dist/tex/latex/hyperref/puenc.def
File: puenc.def 2022-09-22 v7.00t Hyperref: PDF Unicode definition (HO)
)
Package hyperref Info: Option `hyperindex' set `false' on input line 4045.
Package hyperref Info: Option `pdfusetitle' set `true' on input line 4045.
Package hyperref Info: Option `pdfpagelabels' set `true' on input line 4045.
Package hyperref Info: Hyper figures OFF on input line 4162.
Package hyperref Info: Link nesting OFF on input line 4167.
Package hyperref Info: Hyper index OFF on input line 4172.
Package hyperref Info: Plain pages OFF on input line 4177.
Package hyperref Info: Backreferencing OFF on input line 4182.
Package hyperref Info: Implicit mode ON; LaTeX internals redefined.
\stockwidth=\dimen152
\stockheight=\dimen153
Package hyperref Info: Bookmarks ON on input line 4410.
\c@Hy@tempcnt=\count277

(c:/texlive/2022/texmf-dist/tex/latex/url/url.sty
\Urlmuskip=\muskip16
Package: url 2013/09/16  ver 3.4  Verb mode for urls, etc.
)
LaTeX Info: Redefining \url on input line 4748.
\XeTeXLinkMargin=\dimen154

(c:/texlive/2022/texmf-dist/tex/generic/bitset/bitset.sty
Package: bitset 2019/12/09 v1.3 Handle bit-vector datatype (HO)

(c:/texlive/2022/texmf-dist/tex/generic/bigintcalc/bigintcalc.sty
Package: bigintcalc 2019/12/15 v1.5 Expandable calculations on big integers (HO
)
))
\Fld@menulength=\count278
\Field@Width=\dimen155
\Fld@charsize=\dimen156
Package hyperref Info: Hyper figures OFF on input line 6027.
Package hyperref Info: Link nesting OFF on input line 6032.
Package hyperref Info: Hyper index OFF on input line 6037.
Package hyperref Info: backreferencing OFF on input line 6042.
Package hyperref Info: Link coloring OFF on input line 6047.
Package hyperref Info: Link coloring with OCG OFF on input line 6052.
Package hyperref Info: PDF/A mode OFF on input line 6057.

(c:/texlive/2022/texmf-dist/tex/latex/base/atbegshi-ltx.sty
Package: atbegshi-ltx 2021/01/10 v1.0c Emulation of the original atbegshi
package with kernel methods
)
\Hy@abspage=\count279
\c@Item=\count280
\c@Hfootnote=\count281
)
Package hyperref Info: Driver (autodetected): hxetex.

(c:/texlive/2022/texmf-dist/tex/latex/hyperref/hxetex.def
File: hxetex.def 2022-09-22 v7.00t Hyperref driver for XeTeX

(c:/texlive/2022/texmf-dist/tex/generic/stringenc/stringenc.sty
Package: stringenc 2019/11/29 v1.12 Convert strings between diff. encodings (HO
)
)
\pdfm@box=\box96
\c@Hy@AnnotLevel=\count282
\HyField@AnnotCount=\count283
\Fld@listcount=\count284
\c@bookmark@seq@number=\count285

(c:/texlive/2022/texmf-dist/tex/latex/rerunfilecheck/rerunfilecheck.sty
Package: rerunfilecheck 2022-07-10 v1.10 Rerun checks for auxiliary files (HO)

(c:/texlive/2022/texmf-dist/tex/generic/uniquecounter/uniquecounter.sty
Package: uniquecounter 2019/12/15 v1.4 Provide unlimited unique counter (HO)
)
Package uniquecounter Info: New unique counter `rerunfilecheck' on input line 2
85.
)
\Hy@SectionHShift=\skip53
)
Package hyperref Info: Option `colorlinks' set `true' on input line 66.
Package hyperref Info: Option `plainpages' set `false' on input line 66.
Package hyperref Info: Option `bookmarksopen' set `true' on input line 66.
Package hyperref Info: Option `bookmarksnumbered' set `true' on input line 66.
\c@HD@unique=\count286
\c@HD@hypercount=\count287
\HD@helplength=\skip54
)
\@indexfile=\write3
\openout3 = `tocloft.idx'.


Writing index file tocloft.idx
(c:/texlive/2022/texmf-dist/tex/latex/l3backend/l3backend-xetex.def
File: l3backend-xetex.def 2022-09-28 L3 backend support: XeTeX
\g__graphics_track_int=\count288
\l__pdf_internal_box=\box97
\g__pdf_backend_object_int=\count289
\g__pdf_backend_annotation_int=\count290
\g__pdf_backend_link_int=\count291
)
(./tocloft.aux)
\openout1 = `tocloft.aux'.

LaTeX Font Info:    Checking defaults for OML/cmm/m/it on input line 26.
LaTeX Font Info:    ... okay on input line 26.
LaTeX Font Info:    Checking defaults for OMS/cmsy/m/n on input line 26.
LaTeX Font Info:    ... okay on input line 26.
LaTeX Font Info:    Checking defaults for OT1/cmr/m/n on input line 26.
LaTeX Font Info:    ... okay on input line 26.
LaTeX Font Info:    Checking defaults for T1/cmr/m/n on input line 26.
LaTeX Font Info:    ... okay on input line 26.
LaTeX Font Info:    Checking defaults for TS1/cmr/m/n on input line 26.
LaTeX Font Info:    Trying to load font information for TS1+cmr on input line 2
6.
 (c:/texlive/2022/texmf-dist/tex/latex/base/ts1cmr.fd
File: ts1cmr.fd 2019/12/16 v2.5j Standard LaTeX font definitions
)
LaTeX Font Info:    ... okay on input line 26.
LaTeX Font Info:    Checking defaults for TU/lmr/m/n on input line 26.
LaTeX Font Info:    ... okay on input line 26.
LaTeX Font Info:    Checking defaults for OMX/cmex/m/n on input line 26.
LaTeX Font Info:    ... okay on input line 26.
LaTeX Font Info:    Checking defaults for U/cmr/m/n on input line 26.
LaTeX Font Info:    ... okay on input line 26.
LaTeX Font Info:    Checking defaults for PD1/pdf/m/n on input line 26.
LaTeX Font Info:    ... okay on input line 26.
LaTeX Font Info:    Checking defaults for PU/pdf/m/n on input line 26.
LaTeX Font Info:    ... okay on input line 26.
Package doc Info: Made | a short reference for \verb on input line 26.

(c:/texlive/2022/texmf-dist/tex/latex/graphics/color.sty
Package: color 2022/01/06 v1.3d Standard LaTeX Color (DPC)

(c:/texlive/2022/texmf-dist/tex/latex/graphics-cfg/color.cfg
File: color.cfg 2016/01/02 v1.6 sample color configuration
)
Package color Info: Driver file: xetex.def on input line 149.

(c:/texlive/2022/texmf-dist/tex/latex/graphics-def/xetex.def
File: xetex.def 2022/09/22 v5.0n Graphics/color driver for xetex
)
(c:/texlive/2022/texmf-dist/tex/latex/graphics/mathcolor.ltx))
Package hyperref Info: Link coloring ON on input line 26.
 (./tocloft.out)
(./tocloft.out)
\@outlinefile=\write4
\openout4 = `tocloft.out'.

 (./tocloft.hd)
\HD@savedest@out=\write5
\openout5 = `tocloft.hd'.

 (./tocloft.dtx
LaTeX Font Info:    External font `cmex10' loaded for size
(Font)              <17.28> on input line 138.
LaTeX Font Info:    External font `cmex10' loaded for size
(Font)              <12> on input line 138.
LaTeX Font Info:    External font `cmex10' loaded for size
(Font)              <8> on input line 138.
LaTeX Font Info:    External font `cmex10' loaded for size
(Font)              <6> on input line 138.
LaTeX Font Info:    External font `cmex10' loaded for size
(Font)              <5> on input line 138.
 (./tocloft.toc
LaTeX Font Info:    External font `cmex10' loaded for size
(Font)              <7> on input line 2.

Missing character: There is no 的 (U+7684) in font [lmroman10-regular]:mapping=t
ex-text;!
Missing character: There is no 方 (U+65B9) in font [lmroman10-regular]:mapping=t
ex-text;!
Missing character: There is no 法 (U+6CD5) in font [lmroman10-regular]:mapping=t
ex-text;!
)
\tf@toc=\write6
\openout6 = `tocloft.toc'.

 (./tocloft.lof)
\tf@lof=\write7
\openout7 = `tocloft.lof'.

 (./tocloft.lot)
\tf@lot=\write8
\openout8 = `tocloft.lot'.

 [1

]
Underfull \hbox (badness 4441) in paragraph at lines 194--194
\TU/lmr/m/n/8 Kasper (\TU/lmtt/m/n/8 kbg@dkik.dk\TU/lmr/m/n/8 ), Lee Nave (\TU/
lmtt/m/n/8 nave@math.washington.edu\TU/lmr/m/n/8 ), and Andrew Thurber
 []

! Undefined control sequence.
<argument> \LaTeX {\heiti 
                          的方法}
l.196 ...bsection[\LaTeX 的方法]{\LaTeX {\heiti 的方法}}
                                                  
? 
Missing character: There is no 的 (U+7684) in font [lmroman12-bold]:mapping=tex-
text;!
Missing character: There is no 方 (U+65B9) in font [lmroman12-bold]:mapping=tex-
text;!
Missing character: There is no 法 (U+6CD5) in font [lmroman12-bold]:mapping=tex-
text;!
Missing character: There is no 这 (U+8FD9) in font [lmroman10-regular]:mapping=t
ex-text;!
Missing character: There is no 是 (U+662F) in font [lmroman10-regular]:mapping=t
ex-text;!
Missing character: There is no 对 (U+5BF9) in font [lmroman10-regular]:mapping=t
ex-text;!
Missing character: There is no 如 (U+5982) in font [lmroman10-regular]:mapping=t
ex-text;!
Missing character: There is no 何 (U+4F55) in font [lmroman10-regular]:mapping=t
ex-text;!
Missing character: There is no 处 (U+5904) in font [lmroman10-regular]:mapping=t
ex-text;!
Missing character: There is no 理 (U+7406) in font [lmroman10-regular]:mapping=t
ex-text;!
Missing character: There is no 目 (U+76EE) in font [lmroman10-regular]:mapping=t
ex-text;!
Missing character: There is no 录 (U+5F55) in font [lmroman10-regular]:mapping=t
ex-text;!
Missing character: There is no ， (U+FF0C) in font [lmroman10-regular]:mapping=t
ex-text;!
Missing character: There is no 的 (U+7684) in font [lmroman10-regular]:mapping=t
ex-text;!
Missing character: There is no 一 (U+4E00) in font [lmroman10-regular]:mapping=t
ex-text;!
Missing character: There is no 般 (U+822C) in font [lmroman10-regular]:mapping=t
ex-text;!
Missing character: There is no 描 (U+63CF) in font [lmroman10-regular]:mapping=t
ex-text;!
Missing character: There is no 述 (U+8FF0) in font [lmroman10-regular]:mapping=t
ex-text;!
Missing character: There is no 。 (U+3002) in font [lmroman10-regular]:mapping=t
ex-text;!
Missing character: There is no 由 (U+7531) in font [lmroman10-regular]:mapping=t
ex-text;!
Missing character: There is no 于 (U+4E8E) in font [lmroman10-regular]:mapping=t
ex-text;!
Missing character: There is no 图 (U+56FE) in font [lmroman10-regular]:mapping=t
ex-text;!
Missing character: There is no 目 (U+76EE) in font [lmroman10-regular]:mapping=t
ex-text;!
Missing character: There is no 录 (U+5F55) in font [lmroman10-regular]:mapping=t
ex-text;!
Missing character: There is no 和 (U+548C) in font [lmroman10-regular]:mapping=t
ex-text;!
Missing character: There is no 表 (U+8868) in font [lmroman10-regular]:mapping=t
ex-text;!
Missing character: There is no 目 (U+76EE) in font [lmroman10-regular]:mapping=t
ex-text;!
Missing character: There is no 录 (U+5F55) in font [lmroman10-regular]:mapping=t
ex-text;!
Missing character: There is no 的 (U+7684) in font [lmroman10-regular]:mapping=t
ex-text;!
Missing character: There is no 处 (U+5904) in font [lmroman10-regular]:mapping=t
ex-text;!
Missing character: There is no 理 (U+7406) in font [lmroman10-regular]:mapping=t
ex-text;!
Missing character: There is no 类 (U+7C7B) in font [lmroman10-regular]:mapping=t
ex-text;!
Missing character: There is no 似 (U+4F3C) in font [lmroman10-regular]:mapping=t
ex-text;!
Missing character: There is no ， (U+FF0C) in font [lmroman10-regular]:mapping=t
ex-text;!
Missing character: There is no 我 (U+6211) in font [lmroman10-regular]:mapping=t
ex-text;!
Missing character: There is no 将 (U+5C06) in font [lmroman10-regular]:mapping=t
ex-text;!
Missing character: There is no 在 (U+5728) in font [lmroman10-regular]:mapping=t
ex-text;!
Missing character: There is no 不 (U+4E0D) in font [lmroman10-regular]:mapping=t
ex-text;!
Missing character: There is no 失 (U+5931) in font [lmroman10-regular]:mapping=t
ex-text;!
Missing character: There is no 一 (U+4E00) in font [lmroman10-regular]:mapping=t
ex-text;!
Missing character: There is no 般 (U+822C) in font [lmroman10-regular]:mapping=t
ex-text;!
Missing character: There is no 性 (U+6027) in font [lmroman10-regular]:mapping=t
ex-text;!
Missing character: There is no 的 (U+7684) in font [lmroman10-regular]:mapping=t
ex-text;!
Missing character: There is no 情 (U+60C5) in font [lmroman10-regular]:mapping=t
ex-text;!
Missing character: There is no 况 (U+51B5) in font [lmroman10-regular]:mapping=t
ex-text;!
Missing character: There is no 下 (U+4E0B) in font [lmroman10-regular]:mapping=t
ex-text;!
Missing character: There is no 讨 (U+8BA8) in font [lmroman10-regular]:mapping=t
ex-text;!
Missing character: There is no 论 (U+8BBA) in font [lmroman10-regular]:mapping=t
ex-text;!
Missing character: There is no 。 (U+3002) in font [lmroman10-regular]:mapping=t
ex-text;!

Overfull \hbox (2.09001pt too wide) in paragraph at lines 214--219
\TU/lmr/m/n/10 macro defined within the \TU/lmss/m/n/10 hyperref \TU/lmr/m/n/10
 package) immediately before []\TU/lmtt/m/n/10 \addcontentsline\TU/lmr/m/n/10 .
 
 []


LaTeX Warning: Marginpar on page 2 moved.


LaTeX Warning: Marginpar on page 2 moved.

[2] [3] [4]
Overfull \hbox (48.00009pt too wide) in paragraph at lines 446--446
 [] \TU/lmtt/m/n/9 \unhbox \voidb@x \hbox {}\unhbox \voidb@x \leaders \hrule \h
fill \kern \z@ \par[] 
 []


Overfull \hbox (12.24997pt too wide) in paragraph at lines 456--458
[][]\TU/lmtt/m/n/10 \addtocontents{toc}{\protect\enlargethispage{2\baselineskip
}}
 []


Overfull \hbox (16.06998pt too wide) in paragraph at lines 458--462
[][]\TU/lmtt/m/n/10 \addtocontents{toc}{\protect\needspace{2\baselineskip}} \TU
/lmr/m/n/10 to spec-
 []

[5]

LaTeX Warning: Marginpar on page 6 moved.


LaTeX Warning: Marginpar on page 6 moved.

[6]

LaTeX Warning: Marginpar on page 7 moved.


LaTeX Warning: Marginpar on page 7 moved.


Overfull \hbox (16.34401pt too wide) in paragraph at lines 560--564
\TU/lmr/m/n/10 By default, []\TU/lmtt/m/n/10 \cftZtitlefont \TU/lmr/m/n/10 is d
efined as a font specification (e.g., []\TU/lmtt/m/n/10 \Large\bfseries\TU/lmr/
m/n/10 ),
 []


Overfull \hbox (21.22002pt too wide) in paragraph at lines 560--564
\TU/lmr/m/n/10 and []\TU/lmtt/m/n/10 \cftafterZtitle \TU/lmr/m/n/10 is empty. T
hese commands can be changed (via []\TU/lmtt/m/n/10 \renewcommand\TU/lmr/m/n/10
 )
 []


Overfull \hbox (3.03pt too wide) in paragraph at lines 567--570
[][]\TU/lmtt/m/n/10 \renewcommand{\cftZtitlefont}{\hfill\Large\bfseries} \TU/lm
r/m/n/10 together with
 []


Overfull \hbox (34.02562pt too wide) in paragraph at lines 592--602
[][][]\TU/lmr/m/n/10 The command []\TU/lmtt/m/n/10 \Zdepth{$\OMS/cmsy/m/n/10 h$
[]\TU/lmr/m/it/10 number$\OMS/cmsy/m/n/10 i$[][]\TU/lmtt/m/n/10 } \TU/lmr/m/n/1
0 is analogous to the standard []\TU/lmtt/m/n/10 \tocdepth{$\OMS/cmsy/m/n/10 h$
[]\TU/lmr/m/it/10 number$\OMS/cmsy/m/n/10 i$[][]\TU/lmtt/m/n/10 }
 []

[7]

LaTeX Warning: Marginpar on page 8 moved.


LaTeX Warning: Marginpar on page 8 moved.

[8]

LaTeX Warning: Marginpar on page 9 moved.


LaTeX Warning: Marginpar on page 9 moved.


Overfull \hbox (9.33002pt too wide) in paragraph at lines 729--732
[]\TU/lmr/m/n/10 When a standard class is used the []\TU/lmtt/m/n/10 \cftpartaf
tersnum \TU/lmr/m/n/10 and []\TU/lmtt/m/n/10 \cftpartaftersnumb
 []


LaTeX Warning: Marginpar on page 9 moved.


Overfull \hbox (19.72122pt too wide) in paragraph at lines 753--763
[][][]\TU/lmr/m/n/10 The command []\TU/lmtt/m/n/10 \cftsetindents{$\OMS/cmsy/m/
n/10 h$[]\TU/lmr/m/it/10 entry$\OMS/cmsy/m/n/10 i$[][]\TU/lmtt/m/n/10 }{$\OMS/c
msy/m/n/10 h$[]\TU/lmr/m/it/10 indent$\OMS/cmsy/m/n/10 i$[][]\TU/lmtt/m/n/10 }{
$\OMS/cmsy/m/n/10 h$[]\TU/lmr/m/it/10 numwidth$\OMS/cmsy/m/n/10 i$[][]\TU/lmtt/
m/n/10 } \TU/lmr/m/n/10 sets the $\OMS/cmsy/m/n/10 h$[]\TU/lmr/m/it/10 entry$\O
MS/cmsy/m/n/10 i$[]\TU/lmr/m/n/10 ’s
 []

[9]
Overfull \hbox (5.47504pt too wide) in paragraph at lines 822--822
 [] \TU/lmtt/m/n/9 \settowidth{\mylen}{\bfseries\cftXpresnum\cftXaftersnum} % e
xtra space[] 
 []

[10]

LaTeX Warning: Marginpar on page 11 moved.

[11] [12]
Overfull \hbox (13.044pt too wide) in paragraph at lines 950--957
[]\TU/lmr/m/n/10 The five commands, []\TU/lmtt/m/n/10 \cftmarkZ\TU/lmr/m/n/10 ,
 []\TU/lmtt/m/n/10 \cftbeforeZtitleskip\TU/lmr/m/n/10 , []\TU/lmtt/m/n/10 \cfta
fterZtitleskip\TU/lmr/m/n/10 ,
 []


Overfull \hbox (34.02562pt too wide) in paragraph at lines 963--970
[][][]\TU/lmr/m/n/10 The command []\TU/lmtt/m/n/10 \Zdepth{$\OMS/cmsy/m/n/10 h$
[]\TU/lmr/m/it/10 number$\OMS/cmsy/m/n/10 i$[][]\TU/lmtt/m/n/10 } \TU/lmr/m/n/1
0 is analogous to the standard []\TU/lmtt/m/n/10 \tocdepth{$\OMS/cmsy/m/n/10 h$
[]\TU/lmr/m/it/10 number$\OMS/cmsy/m/n/10 i$[][]\TU/lmtt/m/n/10 }
 []


Underfull \hbox (badness 10000) in paragraph at lines 977--991

 []


Overfull \hbox (33.53601pt too wide) in paragraph at lines 999--1011
[]\TU/lmr/m/n/10 The set of commands []\TU/lmtt/m/n/10 \cftbeforeXskip\TU/lmr/m
/n/10 , []\TU/lmtt/m/n/10 \cftXfont\TU/lmr/m/n/10 , []\TU/lmtt/m/n/10 \cftXpres
num\TU/lmr/m/n/10 , []\TU/lmtt/m/n/10 \cftXaftersnum\TU/lmr/m/n/10 ,
 []


Overfull \hbox (23.008pt too wide) in paragraph at lines 999--1011
[]\TU/lmtt/m/n/10 \cftXaftersnumb\TU/lmr/m/n/10 , []\TU/lmtt/m/n/10 \cftXleader
\TU/lmr/m/n/10 , []\TU/lmtt/m/n/10 \cftXdotsep\TU/lmr/m/n/10 , []\TU/lmtt/m/n/1
0 \cftXpagefont\TU/lmr/m/n/10 , and []\TU/lmtt/m/n/10 \cftXafterpnum\TU/lmr/m/n
/10 ,
 []

[13] [14]

LaTeX Warning: Marginpar on page 15 moved.

[15]
Overfull \hbox (2.11902pt too wide) in paragraph at lines 1160--1166
[][][]\TU/lmr/m/n/10 The command []\TU/lmtt/m/n/10 \cftaddnumtitleline{$\OMS/cm
sy/m/n/10 h$[]\TU/lmr/m/it/10 file$\OMS/cmsy/m/n/10 i$[][]\TU/lmtt/m/n/10 }{$\O
MS/cmsy/m/n/10 h$[]\TU/lmr/m/it/10 kind$\OMS/cmsy/m/n/10 i$[][]\TU/lmtt/m/n/10 
}{$\OMS/cmsy/m/n/10 h$[]\TU/lmr/m/it/10 num$\OMS/cmsy/m/n/10 i$[][]\TU/lmtt/m/n
/10 }{$\OMS/cmsy/m/n/10 h$[]\TU/lmr/m/it/10 title$\OMS/cmsy/m/n/10 i$[][]\TU/lm
tt/m/n/10 }{$\OMS/cmsy/m/n/10 h$[]\TU/lmr/m/it/10 page$\OMS/cmsy/m/n/10 i$[][]\
TU/lmtt/m/n/10 }
 []


LaTeX Warning: Marginpar on page 16 moved.

[16]

LaTeX Warning: Marginpar on page 17 moved.


LaTeX Warning: Marginpar on page 17 moved.

LaTeX Font Info:    External font `cmex10' loaded for size
(Font)              <9> on input line 1282.
[17] [18]
Overfull \hbox (8.55203pt too wide) in paragraph at lines 1435--1435
 [][]  \TU/lmtt/m/n/9 \@mkboth{\MakeUppercase\listfigurename}{\MakeUppercase\li
stfigurename}} 
 []


Overfull \hbox (13.65001pt too wide) in paragraph at lines 1442--1447
[]\TU/lmr/m/n/10 Two macros to perform the actions at the beginning and end of 
the []\TU/lmtt/m/n/10 \tableofcontents
 []

[19] [20] [21]
Overfull \hbox (56.45232pt too wide) in paragraph at lines 1683--1699
[]\TU/lmr/m/n/10 A \TU/lmtt/m/n/10 .toc \TU/lmr/m/n/10 (also \TU/lmtt/m/n/10 .l
of \TU/lmr/m/n/10 and \TU/lmtt/m/n/10 .lot\TU/lmr/m/n/10 ) file consists of a l
ist of []\TU/lmtt/m/n/10 \contentsline{$\OMS/cmsy/m/n/10 h$[]\TU/lmr/m/it/10 ki
nd$\OMS/cmsy/m/n/10 i$[][]\TU/lmtt/m/n/10 }{$\OMS/cmsy/m/n/10 h$[]\TU/lmr/m/it/
10 title$\OMS/cmsy/m/n/10 i$[][]\TU/lmtt/m/n/10 }{$\OMS/cmsy/m/n/10 h$[]\TU/lmr
/m/it/10 page$\OMS/cmsy/m/n/10 i$[][]\TU/lmtt/m/n/10 }
 []


Overfull \hbox (25.5034pt too wide) in paragraph at lines 1683--1699
\TU/lmr/m/n/10 entries are inserted into the file by calling the []\TU/lmtt/m/n
/10 \addcontentsline{$\OMS/cmsy/m/n/10 h$[]\TU/lmr/m/it/10 file$\OMS/cmsy/m/n/1
0 i$[][]\TU/lmtt/m/n/10 }{$\OMS/cmsy/m/n/10 h$[]\TU/lmr/m/it/10 kind$\OMS/cmsy/
m/n/10 i$[][]\TU/lmtt/m/n/10 }{$\OMS/cmsy/m/n/10 h$[]\TU/lmr/m/it/10 title$\OMS
/cmsy/m/n/10 i$[][]\TU/lmtt/m/n/10 }
 []

[22]
Overfull \hbox (22.35002pt too wide) in paragraph at lines 1721--1724
[]\TU/lmr/m/n/10 The []\TU/lmtt/m/n/10 \l@kind \TU/lmr/m/n/10 commands modify (
locally) the value of []\TU/lmtt/m/n/10 \parfillskip\TU/lmr/m/n/10 . []\TU/lmtt
/m/n/10 \cftparfillskip
 []

[23]
Overfull \hbox (55.80208pt too wide) in paragraph at lines 1837--1837
 [][]       \TU/lmtt/m/n/9 {\cftpartfont \if@cftkoma\else\if@cfttitlesec\else\c
ftpartpresnum\fi\fi #1}% 
 []

[24]
Overfull \hbox (8.55203pt too wide) in paragraph at lines 1877--1877
 [][]  \TU/lmtt/m/n/9 \newcommand{\cftpartleader}{\large\bfseries\cftdotfill{\c
ftpartdotsep}} 
 []


Overfull \hbox (65.25204pt too wide) in paragraph at lines 1877--1877
 [][]    \TU/lmtt/m/n/9 {\makebox[\@pnumwidth][\cftpnumalign]{\cftpartpagefont 
#1}\cftpartafterpnum\par}% 
 []

[25]
Overfull \hbox (51.07706pt too wide) in paragraph at lines 1964--1964
 [][]    \TU/lmtt/m/n/9 \makebox[\@pnumwidth][\cftpnumalign]{\cftchappagefont #
1}\cftchapafterpnum\par 
 []

[26]
Overfull \hbox (32.17703pt too wide) in paragraph at lines 2060--2060
 [][]  \TU/lmtt/m/n/9 \makebox[\@pnumwidth][\cftpnumalign]{\cftsecpagefont #1}\
cftsecafterpnum\par 
 []


Overfull \hbox (3.584pt too wide) in paragraph at lines 2116--2120
[]\TU/lmtt/m/n/10 \@tempdima\TU/lmr/m/n/10 , and that the three macros []\TU/lm
tt/m/n/10 \@cftbsnum\TU/lmr/m/n/10 , []\TU/lmtt/m/n/10 \@cftasnum \TU/lmr/m/n/1
0 and []\TU/lmtt/m/n/10 \@cftasnumb
 []

[27]
Overfull \hbox (60.52704pt too wide) in paragraph at lines 2199--2199
 [][]  \TU/lmtt/m/n/9 \makebox[\@pnumwidth][\cftpnumalign]{\cftsubsecpagefont #
1}\cftsubsecafterpnum\par 
 []

[28]
Overfull \hbox (27.45203pt too wide) in paragraph at lines 2266--2266
 [][]\TU/lmtt/m/n/9 \newcommand{\cftsubsubsecleader}{\normalfont\cftdotfill{\cf
tsubsubsecdotsep}} 
 []


Overfull \hbox (88.87701pt too wide) in paragraph at lines 2266--2266
 [][]  \TU/lmtt/m/n/9 \makebox[\@pnumwidth][\cftpnumalign]{\cftsubsubsecpagefon
t #1}\cftsubsubsecafterpnum\par 
 []

[29]
Overfull \hbox (41.62704pt too wide) in paragraph at lines 2344--2344
 [][]  \TU/lmtt/m/n/9 \makebox[\@pnumwidth][\cftpnumalign]{\cftparapagefont #1}
\cftparaafterpnum\par 
 []

[30]
Overfull \hbox (8.552pt too wide) in paragraph at lines 2422--2422
 [][]\TU/lmtt/m/n/9 \newcommand{\cftsubparaleader}{\normalfont\cftdotfill{\cfts
ubparadotsep}} 
 []


Overfull \hbox (69.97704pt too wide) in paragraph at lines 2422--2422
 [][]  \TU/lmtt/m/n/9 \makebox[\@pnumwidth][\cftpnumalign]{\cftsubparapagefont 
#1}\cftsubparaafterpnum\par 
 []

[31] [32]
Overfull \hbox (32.17703pt too wide) in paragraph at lines 2620--2620
 [][]  \TU/lmtt/m/n/9 \makebox[\@pnumwidth][\cftpnumalign]{\cftfigpagefont #1}\
cftfigafterpnum\par 
 []

[33] [34] [35]
Overfull \hbox (32.17703pt too wide) in paragraph at lines 2833--2833
 [][]  \TU/lmtt/m/n/9 \makebox[\@pnumwidth][\cftpnumalign]{\cfttabpagefont #1}\
cfttabafterpnum\par 
 []

[36]
Overfull \hbox (65.25203pt too wide) in paragraph at lines 2928--2928
 [][]  \TU/lmtt/m/n/9 \makebox[\@pnumwidth][\cftpnumalign]{\cftsubfigpagefont #
#1}\cftsubfigafterpnum\par 
 []

[37]
Overfull \hbox (65.25203pt too wide) in paragraph at lines 3024--3024
 [][]  \TU/lmtt/m/n/9 \makebox[\@pnumwidth][\cftpnumalign]{\cftsubtabpagefont #
#1}\cftsubtabafterpnum\par 
 []

[38]
Overfull \hbox (22.72708pt too wide) in paragraph at lines 3091--3091
 [][]         \TU/lmtt/m/n/9 \expandafter\noexpand\csname the#1\endcsname.\noex
pand\arabic{#2}}} 
 []


Overfull \hbox (18.00206pt too wide) in paragraph at lines 3123--3123
 [][]       \TU/lmtt/m/n/9 \expandafter\let\expandafter\@cftbsnum\csname cft#2p
resnum\endcsname 
 []


Overfull \hbox (27.45207pt too wide) in paragraph at lines 3123--3123
 [][]       \TU/lmtt/m/n/9 \expandafter\let\expandafter\@cftasnum\csname cft#2a
ftersnum\endcsname 
 []


Overfull \hbox (36.90207pt too wide) in paragraph at lines 3123--3123
 [][]       \TU/lmtt/m/n/9 \expandafter\let\expandafter\@cftasnumb\csname cft#2
aftersnumb\endcsname 
 []

[39]
Overfull \hbox (3.82703pt too wide) in paragraph at lines 3181--3181
 [][]  \TU/lmtt/m/n/9 \@namedef{cft#2leader}{\normalfont\cftdotfill{\@nameuse{c
ft#2dotsep}}} 
 []


Overfull \hbox (126.67703pt too wide) in paragraph at lines 3206--3206
 [][]    \TU/lmtt/m/n/9 \makebox[\@pnumwidth][\cftpnumalign]{\@nameuse{cft#2pag
efont}##1}\@nameuse{cft#2afterpnum}\par 
 []

[40] [41]
Overfull \hbox (41.62708pt too wide) in paragraph at lines 3340--3340
 [][]      \TU/lmtt/m/n/9 \setlength{\@nameuse{cftbefore#3titleskip}}{3.5ex \@p
lus 1ex \@minus .2ex} 
 []

[42]
Overfull \hbox (3.82706pt too wide) in paragraph at lines 3409--3409
 [][]        \TU/lmtt/m/n/9 \ifx\@cftemp\cftsubsubsecname \@cftsetindents{subsu
bsec}{#2}{#3} 
 []


Overfull \hbox (3.82709pt too wide) in paragraph at lines 3409--3409
 [][]            \TU/lmtt/m/n/9 \ifx\@cftemp\cftsubparaname \@cftsetindents{sub
para}{#2}{#3} 
 []


Overfull \hbox (13.27713pt too wide) in paragraph at lines 3409--3409
 [][]                \TU/lmtt/m/n/9 \ifx\@cftemp\cftsubfigname \@cftsetindents{
subfig}{#2}{#3} 
 []


Overfull \hbox (32.17715pt too wide) in paragraph at lines 3409--3409
 [][]                    \TU/lmtt/m/n/9 \ifx\@cftemp\cftsubtabname \@cftsetinde
nts{subtab}{#2}{#3} 
 []


Overfull \hbox (39.80342pt too wide) in paragraph at lines 3413--3416
[][]\TU/lmtt/m/n/10 \@cftsetindents{$\OMS/cmsy/m/n/10 h$[]\TU/lmr/m/it/10 X$\OM
S/cmsy/m/n/10 i$[][]\TU/lmtt/m/n/10 }{$\OMS/cmsy/m/n/10 h$[]\TU/lmr/m/it/10 ind
ent$\OMS/cmsy/m/n/10 i$[][]\TU/lmtt/m/n/10 }{$\OMS/cmsy/m/n/10 h$[]\TU/lmr/m/it
/10 numwidth$\OMS/cmsy/m/n/10 i$[][]\TU/lmtt/m/n/10 } \TU/lmr/m/n/10 is the int
ernal version of []\TU/lmtt/m/n/10 \cftsetindents\TU/lmr/m/n/10 ,
 []

[43]
Overfull \hbox (27.08781pt too wide) in paragraph at lines 3481--3487
[]\TU/lmr/m/n/10 The user level command for switching off page numbers is []\TU
/lmtt/m/n/10 \cftpagenumbersoff{$\OMS/cmsy/m/n/10 h$[]\TU/lmr/m/it/10 entry$\OM
S/cmsy/m/n/10 i$[][]\TU/lmtt/m/n/10 }
 []

[44]
Overfull \hbox (126.67703pt too wide) in paragraph at lines 3584--3584
 [][]    \TU/lmtt/m/n/9 \makebox[\@pnumwidth][\cftpnumalign]{\@nameuse{cft#1pag
efont}##1}\@nameuse{cft#1afterpnum}\par 
 []

[45]
Overfull \hbox (22.72704pt too wide) in paragraph at lines 3657--3657
 [][]  \TU/lmtt/m/n/9 \addtocontents{#1}{\protect\cftsetpnumwidth{#2} \protect\
cftsetrmarg{#3}}} 
 []


Overfull \hbox (7.45901pt too wide) in paragraph at lines 3670--3673
[][]\TU/lmtt/m/n/10 \cftaddtitleline{$\OMS/cmsy/m/n/10 h$[]\TU/lmr/m/it/10 file
$\OMS/cmsy/m/n/10 i$[][]\TU/lmtt/m/n/10 }{$\OMS/cmsy/m/n/10 h$[]\TU/lmr/m/it/10
 kind$\OMS/cmsy/m/n/10 i$[][]\TU/lmtt/m/n/10 }{$\OMS/cmsy/m/n/10 h$[]\TU/lmr/m/
it/10 num$\OMS/cmsy/m/n/10 i$[][]\TU/lmtt/m/n/10 }{$\OMS/cmsy/m/n/10 h$[]\TU/lm
r/m/it/10 title$\OMS/cmsy/m/n/10 i$[][]\TU/lmtt/m/n/10 }{$\OMS/cmsy/m/n/10 h$[]
\TU/lmr/m/it/10 page$\OMS/cmsy/m/n/10 i$[][]\TU/lmtt/m/n/10 } \TU/lmr/m/n/10 ad
ds a []\TU/lmtt/m/n/10 \contentsline
 []

[46]
Overfull \hbox (36.90204pt too wide) in paragraph at lines 3693--3693
 [][]      \TU/lmtt/m/n/9 \protect\contentsline{#2}{\protect\numberline{#3}#4}{
#5}{\@currentHref}}} 
 []

[47]
Overfull \hbox (136.12706pt too wide) in paragraph at lines 3760--3760
 [][]  \TU/lmtt/m/n/9 \PackageWarning{tocloft}{\string\@starttoc\space has alre
ady been redefined; tocloft bailing out.} 
 []

[48]
No file tocloft.ind.
) [49] (./tocloft.aux)

LaTeX Warning: Label(s) may have changed. Rerun to get cross-references right.

Package rerunfilecheck Info: File `tocloft.out' has not changed.
(rerunfilecheck)             Checksum: B286E23D26FBA727CF0E489475CB5440;2861.
Package rerunfilecheck Info: File `tocloft.hd' has not changed.
(rerunfilecheck)             Checksum: D41D8CD98F00B204E9800998ECF8427E;0.
 ) 
Here is how much of TeX's memory you used:
 10346 strings out of 475744
 151986 string characters out of 5802618
 516352 words of memory out of 5000000
 31388 multiletter control sequences out of 15000+600000
 476208 words of font info for 77 fonts, out of 8000000 for 9000
 1348 hyphenation exceptions out of 8191
 86i,9n,90p,300b,1162s stack positions out of 10000i,1000n,20000p,200000b,200000s

Output written on tocloft.pdf (49 pages).
