\BOOKMARK [1][-]{section*.1}{\376\377\144\130\211\201}{}% 1
\BOOKMARK [1][-]{section.1}{\376\377\0001\000\040\116\313\176\315}{}% 2
\BOOKMARK [2][-]{subsection.1.1}{\376\377\0001\000.\0001\000\040\000L\000a\000T\000e\000X\166\204\145\271\154\325}{section.1}% 3
\BOOKMARK [1][-]{section.2}{\376\377\0002\000\040\000t\000o\000c\000l\000o\000f\000t\000\040\133\217\123\005}{}% 4
\BOOKMARK [2][-]{subsection.2.1}{\376\377\0002\000.\0001\000\040\133\217\123\005\220\011\230\171}{section.2}% 5
\BOOKMARK [2][-]{subsection.2.2}{\376\377\0002\000.\0002\000\040\146\364\145\071\150\007\230\230}{section.2}% 6
\BOOKMARK [2][-]{subsection.2.3}{\376\377\0002\000.\0003\000\040\143\222\162\110\147\141\166\356}{section.2}% 7
\BOOKMARK [2][-]{subsection.2.4}{\376\377\0002\000.\0004\000\040\145\260\122\027\210\150\000\040\040\046}{section.2}% 8
\BOOKMARK [2][-]{subsection.2.5}{\376\377\0002\000.\0005\000\040\133\236\232\214\140\047\172\013\136\217}{section.2}% 9
\BOOKMARK [2][-]{subsection.2.6}{\376\377\0002\000.\0006\000\040\116\016\121\166\116\326\133\217\123\005\116\000\215\167\117\177\165\050}{section.2}% 10
\BOOKMARK [1][-]{section.3}{\376\377\0003\000\040\133\217\123\005\116\343\170\001}{}% 11
\BOOKMARK [2][-]{subsection.3.1}{\376\377\0003\000.\0001\000\040\133\371\000\040\000s\000u\000b\000f\000i\000g\000u\000r\000e\000\040\133\217\123\005\166\204\145\057\143\001}{section.3}% 12
\BOOKMARK [2][-]{subsection.3.2}{\376\377\0003\000.\0002\000\040\145\260\122\027\210\150\000\040\040\046}{section.3}% 13
\BOOKMARK [2][-]{subsection.3.3}{\376\377\0003\000.\0003\000\040\122\007\143\142\230\165\170\001}{section.3}% 14
\BOOKMARK [2][-]{subsection.3.4}{\376\377\0003\000.\0004\000\040\133\236\232\214\140\047\135\345\121\167}{section.3}% 15
\BOOKMARK [1][-]{bib1.1}{\376\377\123\302\200\003\145\207\163\056}{}% 16
\BOOKMARK [1][-]{index2.1}{\376\377\000I\000n\000d\000e\000x}{}% 17
\BOOKMARK [2][-]{HD.\CJKfamily {Heiti}угдтЈи.2}{\376\377\173\046\123\367}{index2.1}% 18
\BOOKMARK [2][-]{HD.A.2}{\376\377\000A}{index2.1}% 19
\BOOKMARK [2][-]{HD.B.2}{\376\377\000B}{index2.1}% 20
\BOOKMARK [2][-]{HD.C.2}{\376\377\000C}{index2.1}% 21
\BOOKMARK [2][-]{HD.D.2}{\376\377\000D}{index2.1}% 22
\BOOKMARK [2][-]{HD.E.2}{\376\377\000E}{index2.1}% 23
\BOOKMARK [2][-]{HD.H.2}{\376\377\000H}{index2.1}% 24
\BOOKMARK [2][-]{HD.I.2}{\376\377\000I}{index2.1}% 25
\BOOKMARK [2][-]{HD.L.2}{\376\377\000L}{index2.1}% 26
\BOOKMARK [2][-]{HD.M.2}{\376\377\000M}{index2.1}% 27
\BOOKMARK [2][-]{HD.N.2}{\376\377\000N}{index2.1}% 28
\BOOKMARK [2][-]{HD.O.2}{\376\377\000O}{index2.1}% 29
\BOOKMARK [2][-]{HD.P.2}{\376\377\000P}{index2.1}% 30
\BOOKMARK [2][-]{HD.S.2}{\376\377\000S}{index2.1}% 31
\BOOKMARK [2][-]{HD.T.2}{\376\377\000T}{index2.1}% 32
\BOOKMARK [2][-]{HD.Z.2}{\376\377\000Z}{index2.1}% 33
